 ****** PrimeSim HSPICE -- U-2023.03-SP2 linux64 (Aug 24 2023 8388748) ******
  Copyright (c) 1986 - 2024 by Synopsys, Inc. All Rights Reserved.
  This software and the associated documentation are proprietary
  to Synopsys, Inc. This software may only be used in accordance
  with the terms and conditions of a written license agreement with
  Synopsys, Inc. All other use, reproduction, or distribution of
  this software is strictly prohibited.
  Input File: outputs/five_transistor_ota.sp                                    
  Command line options: /home/apps/hspice/2023.03/hspice/linux64/hspice -mt 16 -i outputs/five_transistor_ota.sp -o outputs/fivetota/
  Start time: Sun Sep 29 16:05:32 2024
 lic:  
 lic: FLEXlm: SDK_12.11.9.1 
 lic: USER:   gebru009             HOSTNAME: savanna.ece.umn.edu 
 lic: HOSTID: 65801fa8             PID:      16051 
 lic: Using FLEXlm license file: 
 lic: 27020@synopsys.ece.umn.edu 
 lic: Checkout 8 hspice 
 lic: License/Maintenance for hspice will expire on 19-dec-2024/2023.03 
 lic: 9(in_use)/50(total) FLOATING license(s) on SERVER 27020@synopsys.ece.umn.edu 
 lic:   
1****** PrimeSim HSPICE -- U-2023.03-SP2 linux64 (Aug 24 2023 8388748) ******
 ******  
 *********************************************

 ****** circuit name directory
 circuit number to circuit name directory
   number circuitname                     definition         multiplier
        0 main circuit
        1 xota.                           five_transistor_ota
                                                                 1.00 
        2 xota.xm0_0.                     nfet               1.00 
        3 xota.xm1_0.                     nfet               1.00 
        4 xota.xm2_0.                     nfet               1.00 
        5 xota.xm3_0.                     nfet               1.00 
        6 xota.xm4_0.                     pfet               1.00 
        7 xota.xm5_0.                     pfet               1.00 
  **info** (outputs/five_transistor_ota.sp:24) DC voltage reset to initial transient source value in source 0:vpulse. new dc=0.1500D+00
 
  **info**: .option gmin=1e-12 is scaled to gmin=1e-15 for BSIM-CMG.
  **info**: .option gmindc=1e-12 is scaled to gmindc=1e-15 for BSIM-CMG.

 Model file: /project/ssstudents/TAPO_downloads/GF12_V1.0_4.1/12LP/V1.0_4.1/Models/HSPICE/models/./././model_nfet.inc
 Model line:           54
 Model Name: nfet.1 
 BSIM-MG BULK Model(Level72)
   VERSION =    108  
   L =  3e-08 
   D =  4e-08 
   TFIN = 1.1e-08 
   FPITCH = 4.8e-08 
   NF = 1 
   NFIN =      1 
   NGCON = 1 
   ASEO =      0 
   ADEO =      0 
   PSEO =      0 
   PDEO =      0 
   ASEJ =      0 
   ADEJ =      0 
   PSEJ =      0 
   PDEJ =      0 
   CGSP =      0 
   CGDP =      0 
   CDSP =      0 
   NRS =      0 
   NRD =      0 
   LRSD =  3e-08 
   XL =  1e-08 
   DTEMP =      0 
   DELVTRAND =      0 
   U0MULT =      1 
   IDS0MULT =      1 
   DEVTYPE = 1 
   BULKMOD = 1 
   COREMOD = 0 
   GEOMOD = 1 
   RDSMOD = 0 
   ASYMMOD = 0 
   IGCMOD = 1 
   IGBMOD = 1 
   GIDLMOD = 1 
   IIMOD = 1 
   NQSMOD = 0 
   SHMOD = 0 
   RGATEMOD = 0 
   RGEOMOD = 0 
   CGEOMOD = 0 
   CAPMOD = 1 
   LINT =      0 
   LL =      0 
   LLN =      1 
   DLC = 1.75e-09 
   DLCACC =      0 
   DLBIN =      0 
   LLC =      0 
   EOT = 1.35e-09 
   TOXP =  9e-10 
   EOTBOX = 1.4e-07 
   HFIN = 3.5e-08 
   FECH =      1 
   DELTAW =  6e-09 
   FECHCV =      1 
   DELTAWCV =  6e-09 
   NBODY =  5e+24 
   NSD =  2e+26 
   PHIG =  4.188 
   EPSROX =    3.9 
   EPSRSUB =   11.9 
   EASUB =   4.05 
   NI0SUB = 1.1e+16 
   BG0SUB =   1.12 
   NC0SUB = 2.86e+25 
   NGATE =      0 
   CIT = 0.0009 
   CDSC =  0.045 
   CDSCD =      0 
   CDSCDR =      0 
   DVT0 =      0 
   DVT1 =      1 
   PHIN =   0.05 
   ETA0 =   0.36 
   ETA0R =   0.36 
   DSUB =  0.875 
   K1RSCE =      0 
   LPE0 =  1e-09 
   DVTSHIFT =      0 
   PHIBE =    0.7 
   K0 =      0 
   K0SI =      1 
   K1 =      0 
   K1SAT =      0 
   QMFACTOR =      0 
   QMTCENIV =      0 
   QMTCENCV =  0.275 
   QMTCENCVA =      0 
   AQMTCEN =      0 
   BQMTCEN = 1.2e-08 
   ETAQM =   0.54 
   QM0 =  0.275 
   PQM =    1.5 
   QM0ACC =  0.001 
   PQMACC =   0.66 
   VSAT =  1e+04 
   AVSAT = 6.6e+04 
   BVSAT = 3.5e-07 
   VSAT1 =  1e+04 
   VSAT1R =  1e+04 
   AVSAT1 = 2.314e+05 
   BVSAT1 = 3.5e-07 
   DELTAVSAT =    0.1 
   PSAT =      2 
   APSAT =      0 
   BPSAT =      1 
   KSATIV =    1.5 
   VSATCV =  1e+04 
   AVSATCV = 6.6e+04 
   BVSATCV = 3.5e-07 
   MEXP =    2.6 
   AMEXP =      0 
   BMEXP =      0 
   PTWG =      0 
   PTWGR =      0 
   APTWG =  14.03 
   BPTWG = 4.078e-08 
   AT = -0.0001 
   TMEXP = -0.001 
   PTWGT =      0 
   U0 =   0.03 
   ETAMOB =   2.64 
   UP =  2e-06 
   LPA =    0.7 
   UA =    0.4 
   AUA =      0 
   BUA =  1e-07 
   UC =      0 
   EU =   1.08 
   AEU =      0 
   BEU =  1e-07 
   UD =  0.055 
   AUD =      0 
   BUD = 3.5e-07 
   UCS =  3.689 
   UTE =      0 
   UTL = -2e-05 
   EMOBT =      0 
   UA1 = 4.4e-06 
   UC1 = 5.6e-11 
   UD1 =      0 
   UCSTE =      0 
   RDSWMIN =      0 
   RDSW =     15 
   ARDSW =      0 
   BRDSW =  1e-07 
   RSWMIN =      0 
   RSW =     50 
   ARSW =      0 
   BRSW =  1e-07 
   RDWMIN =      0 
   RDW =     50 
   ARDW =      0 
   BRDW =  1e-07 
   RSDR =      0 
   RSDRR =      0 
   RDDR =      0 
   RDDRR =      0 
   PRSDR =      1 
   PRDDR =      1 
   PRWGS =      0 
   PRWGD =      0 
   WR =      1 
   PRT =  1e-05 
   TRSDR =      0 
   TRDDR =      0 
   PDIBL1 =    0.2 
   PDIBL1R =    0.2 
   PDIBL2 =  0.016 
   DROUT =      2 
   PVAG =      0 
   PCLM =   0.02 
   APCLM =    0.1 
   BPCLM = 1.809e-08 
   PCLMG =      0 
   PCLMCV =   0.02 
   A1 =      0 
   A2 =      0 
   RGEXT =      0 
   RGFIN =  0.001 
   RSHS =      0 
   RSHD =      0 
   HEPI =  1e-08 
   TSILI =  1e-08 
   RHOC =  1e-12 
   RHORSD =      1 
   CRATIO =    0.5 
   DELTAPRSD =      0 
   SDTERM = 0 
   LSP =  8e-09 
   EPSRSP =    3.9 
   TGATE =  3e-08 
   TMASK =  3e-08 
   ASILIEND =      0 
   ARSDEND =      0 
   PRSDEND =      0 
   NSDE =  2e+25 
   RGEOA =      1 
   RGEOB =      0 
   RGEOC =      0 
   RGEOD =      0 
   RGEOE =      0 
   CGEOA =      1 
   CGEOB =      0 
   CGEOC =      0 
   CGEOD =      0 
   CGEOE =      1 
   AIGBINV =   0.01 
   BIGBINV = 0.0001 
   CIGBINV =  0.006 
   EIGBINV =    1.1 
   NIGBINV =      3 
   AIGBACC = 0.0098 
   BIGBACC = 0.0039 
   CIGBACC =  0.075 
   NIGBACC =      3 
   AIGC = 0.0094 
   BIGC = 0.0025 
   CIGC =   0.02 
   PIGCD =      1 
   DLCIGS =  8e-11 
   AIGS = 0.0085 
   BIGS = 0.0016 
   CIGS =   0.07 
   DLCIGD =  8e-11 
   AIGD = 0.0085 
   BIGD = 0.0016 
   CIGD =   0.07 
   TOXREF = 1.2e-09 
   NTOX =      1 
   POXEDGE =      1 
   AGISL = 7.375e-07 
   BGISL = 2.74e+09 
   CGISL =    0.5 
   EGISL =  0.235 
   PGISL =      1 
   AGIDL = 7.375e-07 
   BGIDL = 2.74e+09 
   CGIDL =    0.5 
   EGIDL =  0.235 
   PGIDL =      1 
   ALPHA0 =      0 
   ALPHA1 =      1 
   BETA0 =      9 
   BETAII0 =      0 
   BETAII1 =      0 
   BETAII2 =    0.1 
   ESATII =  1e+07 
   LII =  5e-10 
   SII0 =    0.5 
   SII1 =    0.1 
   SII2 =      0 
   SIID =      0 
   EOTACC = 1.35e-09 
   DELVFBACC =      0 
   CFS =      0 
   CFD =      0 
   COVS = 3.51e-18 
   COVD = 3.51e-18 
   CGSO =  1e-11 
   CGDO =  1e-11 
   CGSL = 1.05e-10 
   CGDL = 1.05e-10 
   CKAPPAS =  0.275 
   CKAPPAD =  0.275 
   CGBO =      0 
   CGBN = 4.5e-10 
   CGBL =      0 
   CKAPPAB =    0.6 
   CSDESW =      0 
   CJS = 0.00342 
   CJD = 0.00342 
   CJSWS =      0 
   CJSWD =      0 
   CJSWGS = 2.6e-11 
   CJSWGD = 2.6e-11 
   PBS =    0.6 
   PBD =    0.6 
   PBSWS =      1 
   PBSWD =      1 
   PBSWGS =    0.6 
   PBSWGD =    0.6 
   MJS =  0.085 
   MJD =  0.085 
   MJSWS =   0.33 
   MJSWD =   0.33 
   MJSWGS =   0.17 
   MJSWGD =   0.17 
   SJS =      0 
   SJD =      0 
   SJSWS =      0 
   SJSWD =      0 
   SJSWGS =      0 
   SJSWGD =      0 
   MJS2 =  0.125 
   MJD2 =  0.125 
   MJSWS2 =  0.083 
   MJSWD2 =  0.083 
   MJSWGS2 =  0.083 
   MJSWGD2 =  0.083 
   JSS = 0.0005 
   JSD = 0.0005 
   JSWS =      0 
   JSWD =      0 
   JSWGS = 7.858e-14 
   JSWGD = 7.858e-14 
   NJS =    1.5 
   NJD =    1.5 
   IJTHSFWD =    0.1 
   IJTHDFWD =    0.1 
   IJTHSREV =    0.1 
   IJTHDREV =    0.1 
   BVS =    3.6 
   BVD =    3.6 
   XJBVS =      1 
   XJBVD =      1 
   JTSS =  0.014 
   JTSD =  0.014 
   JTSSWS =      0 
   JTSSWD =      0 
   JTSSWGS = 3.152e-10 
   JTSSWGD = 3.152e-10 
   JTWEFF =      0 
   NJTS =     20 
   NJTSD =     14 
   NJTSSW =     20 
   NJTSSWD =     20 
   NJTSSWG =     20 
   NJTSSWGD =     20 
   VTSS =     15 
   VTSD =     15 
   VTSSWS =     10 
   VTSSWD =     10 
   VTSSWGS =     10 
   VTSSWGD =     10 
   LINTIGEN =      0 
   NTGEN =      1 
   AIGEN =      0 
   BIGEN =      0 
   XRCRG1 =     12 
   XRCRG2 =      1 
   NSEG = 5 
   EF =      1 
   EM = 4.1e+07 
   NOIA = 4.751e+42 
   NOIB = 1.01e+24 
   NOIC = 2.11e+07 
   NTNOI =  2.003 
   TNOM =     25 
   TBGASUB = 0.000702 
   TBGBSUB =   1108 
   KT1 =      0 
   KT1L =      0 
   TSS =      0 
   IIT =   -0.5 
   TII =      0 
   TGIDL = -0.000916 
   IGT =    2.5 
   TCJ =  0.001 
   TCJSW =      0 
   TCJSWG = 0.000885 
   TPB = 0.0008918 
   TPBSW =      0 
   TPBSWG = 0.001157 
   XTIS = -2.499 
   XTID = -2.499 
   XTSS =   0.45 
   XTSD =   0.45 
   XTSSWS =   0.02 
   XTSSWD =   0.02 
   XTSSWGS = 0.5023 
   XTSSWGD = 0.5023 
   TNJTS =      0 
   TNJTSD =      0 
   TNJTSSW =      0 
   TNJTSSWD =      0 
   TNJTSSWG =      0 
   TNJTSSWGD =      0 
   RTH0 =   0.01 
   CTH0 =  1e-05 
   WTH0 =      0 
   LNBODY =      0 
   NNBODY =      0 
   PNBODY =      0 
   LPHIG =      0 
   NPHIG =      0 
   PPHIG =      0 
   LNGATE =      0 
   NNGATE =      0 
   PNGATE =      0 
   LCIT =      0 
   NCIT =      0 
   PCIT =      0 
   LCDSC =      0 
   NCDSC =      0 
   PCDSC =      0 
   LCDSCD =      0 
   NCDSCD =      0 
   PCDSCD =      0 
   LCDSCDR =      0 
   NCDSCDR =      0 
   PCDSCDR =      0 
   LDVT0 =      0 
   NDVT0 =      0 
   PDVT0 =      0 
   LDVT1 =      0 
   NDVT1 =      0 
   PDVT1 =      0 
   LPHIN =      0 
   NPHIN =      0 
   PPHIN =      0 
   LETA0 =      0 
   NETA0 =      0 
   PETA0 = -0.015 
   LETA0R =      0 
   NETA0R =      0 
   PETA0R = -0.015 
   LDSUB =      0 
   NDSUB =      0 
   PDSUB =      0 
   LK1RSCE =   0.07 
   NK1RSCE =      0 
   PK1RSCE =      0 
   LLPE0 =      0 
   NLPE0 =      0 
   PLPE0 =      0 
   LDVTSHIFT =      0 
   NDVTSHIFT =      0 
   PDVTSHIFT =      0 
   LPHIBE =      0 
   NPHIBE =      0 
   PPHIBE =      0 
   LK0 =      0 
   NK0 =      0 
   PK0 =      0 
   LK0SI =      0 
   NK0SI =      0 
   PK0SI =      0 
   LK1 =      0 
   NK1 =      0 
   PK1 =      0 
   LK1SAT =      0 
   NK1SAT =      0 
   PK1SAT =      0 
   LDVTB =      0 
   NDVTB =      0 
   PDVTB =      0 
   LLPEB =      0 
   NLPEB =      0 
   PLPEB =      0 
   LQMFACTOR =      0 
   NQMFACTOR =      0 
   PQMFACTOR =      0 
   LQMTCENIV =      0 
   NQMTCENIV =      0 
   PQMTCENIV =      0 
   LQMTCENCV =      0 
   NQMTCENCV =      0 
   PQMTCENCV =      0 
   LQMTCENCVA =      0 
   NQMTCENCVA =      0 
   PQMTCENCVA =      0 
   LVSAT =      0 
   NVSAT =      0 
   PVSAT =      0 
   LVSAT1 =      0 
   NVSAT1 =      0 
   PVSAT1 =      0 
   LVSAT1R =      0 
   NVSAT1R =      0 
   PVSAT1R =      0 
   LPSAT =      0 
   NPSAT =      0 
   PPSAT =      0 
   LDELTAVSAT =      0 
   NDELTAVSAT =      0 
   PDELTAVSAT =      0 
   LKSATIV =      0 
   NKSATIV =      0 
   PKSATIV =      0 
   LVSATCV =      0 
   NVSATCV =      0 
   PVSATCV =      0 
   LMEXP =      0 
   NMEXP =      0 
   PMEXP =      0 
   LPTWG =      0 
   NPTWG =      0 
   PPTWG =      0 
   LPTWGR =      0 
   NPTWGR =      0 
   PPTWGR =      0 
   LU0 =      0 
   NU0 =      0 
   PU0 =      0 
   LETAMOB =      0 
   NETAMOB =      0 
   PETAMOB =      0 
   LUP =      0 
   NUP =      0 
   PUP =      0 
   LUA =      0 
   NUA =      0 
   PUA =      0 
   LUC =      0 
   NUC =      0 
   PUC =      0 
   LEU =      0 
   NEU =      0 
   PEU =      0 
   LUD =      0 
   NUD =      0 
   PUD =      0 
   LUCS =      0 
   NUCS =      0 
   PUCS =      0 
   LPCLM =      0 
   NPCLM =      0 
   PPCLM =      0 
   LPCLMG =      0 
   NPCLMG =      0 
   PPCLMG =      0 
   LPCLMCV =      0 
   NPCLMCV =      0 
   PPCLMCV =      0 
   LA1 =      0 
   NA1 =      0 
   PA1 =      0 
   LA2 =      0 
   NA2 =      0 
   PA2 =      0 
   LRDSW =      0 
   NRDSW =      0 
   PRDSW =      0 
   LRSW =      0 
   NRSW =      0 
   PRSW =      0 
   LRDW =      0 
   NRDW =      0 
   PRDW =      0 
   LPRWGS =      0 
   NPRWGS =      0 
   PPRWGS =      0 
   LPRWGD =      0 
   NPRWGD =      0 
   PPRWGD =      0 
   LWR =      0 
   NWR =      0 
   PWR =      0 
   LPDIBL1 =      0 
   NPDIBL1 =      0 
   PPDIBL1 =      0 
   LPDIBL1R =      0 
   NPDIBL1R =      0 
   PPDIBL1R =      0 
   LPDIBL2 =      0 
   NPDIBL2 =      0 
   PPDIBL2 =      0 
   LDROUT =      0 
   NDROUT =      0 
   PDROUT =      0 
   LPVAG =      0 
   NPVAG =      0 
   PPVAG =      0 
   LAIGBINV =      0 
   NAIGBINV =      0 
   PAIGBINV =      0 
   LBIGBINV =      0 
   NBIGBINV =      0 
   PBIGBINV =      0 
   LCIGBINV =      0 
   NCIGBINV =      0 
   PCIGBINV =      0 
   LEIGBINV =      0 
   NEIGBINV =      0 
   PEIGBINV =      0 
   LNIGBINV =      0 
   NNIGBINV =      0 
   PNIGBINV =      0 
   LAIGBACC =      0 
   NAIGBACC =      0 
   PAIGBACC =      0 
   LBIGBACC =      0 
   NBIGBACC =      0 
   PBIGBACC =      0 
   LCIGBACC =      0 
   NCIGBACC =      0 
   PCIGBACC =      0 
   LNIGBACC =      0 
   NNIGBACC =      0 
   PNIGBACC =      0 
   LAIGC =      0 
   NAIGC =      0 
   PAIGC =      0 
   LBIGC =      0 
   NBIGC =      0 
   PBIGC =      0 
   LCIGC =      0 
   NCIGC =      0 
   PCIGC =      0 
   LPIGCD =      0 
   NPIGCD =      0 
   PPIGCD =      0 
   LAIGS =      0 
   NAIGS =      0 
   PAIGS =      0 
   LBIGS =      0 
   NBIGS =      0 
   PBIGS =      0 
   LCIGS =      0 
   NCIGS =      0 
   PCIGS =      0 
   LAIGD =      0 
   NAIGD =      0 
   PAIGD =      0 
   LBIGD =      0 
   NBIGD =      0 
   PBIGD =      0 
   LCIGD =      0 
   NCIGD =      0 
   PCIGD =      0 
   LNTOX =      0 
   NNTOX =      0 
   PNTOX =      0 
   LPOXEDGE =      0 
   NPOXEDGE =      0 
   PPOXEDGE =      0 
   LAGISL =      0 
   NAGISL =      0 
   PAGISL =      0 
   LBGISL =      0 
   NBGISL =      0 
   PBGISL =      0 
   LCGISL =      0 
   NCGISL =      0 
   PCGISL =      0 
   LEGISL =      0 
   NEGISL =      0 
   PEGISL =      0 
   LPGISL =      0 
   NPGISL =      0 
   PPGISL =      0 
   LAGIDL =      0 
   NAGIDL =      0 
   PAGIDL =      0 
   LBGIDL =      0 
   NBGIDL =      0 
   PBGIDL =      0 
   LCGIDL =      0 
   NCGIDL =      0 
   PCGIDL =      0 
   LEGIDL =      0 
   NEGIDL =      0 
   PEGIDL =      0 
   LPGIDL =      0 
   NPGIDL =      0 
   PPGIDL =      0 
   LALPHA0 =      0 
   NALPHA0 =      0 
   PALPHA0 =      0 
   LALPHA1 =      0 
   NALPHA1 =      0 
   PALPHA1 =      0 
   LBETA0 =      0 
   NBETA0 =      0 
   PBETA0 =      0 
   LBETAII0 =      0 
   NBETAII0 =      0 
   PBETAII0 =      0 
   LBETAII1 =      0 
   NBETAII1 =      0 
   PBETAII1 =      0 
   LBETAII2 =      0 
   NBETAII2 =      0 
   PBETAII2 =      0 
   LESATII =      0 
   NESATII =      0 
   PESATII =      0 
   LLII =      0 
   NLII =      0 
   PLII =      0 
   LSII0 =      0 
   NSII0 =      0 
   PSII0 =      0 
   LSII1 =      0 
   NSII1 =      0 
   PSII1 =      0 
   LSII2 =      0 
   NSII2 =      0 
   PSII2 =      0 
   LSIID =      0 
   NSIID =      0 
   PSIID =      0 
   LCFS =      0 
   NCFS =      0 
   PCFS =      0 
   LCFD =      0 
   NCFD =      0 
   PCFD =      0 
   LCOVS =      0 
   NCOVS =      0 
   PCOVS =      0 
   LCOVD =      0 
   NCOVD =      0 
   PCOVD =      0 
   LCGSL =      0 
   NCGSL =      0 
   PCGSL =      0 
   LCGDL =      0 
   NCGDL =      0 
   PCGDL =      0 
   LCKAPPAS =      0 
   NCKAPPAS =      0 
   PCKAPPAS =      0 
   LCKAPPAD =      0 
   NCKAPPAD =      0 
   PCKAPPAD =      0 
   LCGBL =      0 
   NCGBL =      0 
   PCGBL =      0 
   LCKAPPAB =      0 
   NCKAPPAB =      0 
   PCKAPPAB =      0 
   LNTGEN =      0 
   NNTGEN =      0 
   PNTGEN =      0 
   LAIGEN =      0 
   NAIGEN =      0 
   PAIGEN =      0 
   LBIGEN =      0 
   NBIGEN =      0 
   PBIGEN =      0 
   LXRCRG1 =      0 
   NXRCRG1 =      0 
   PXRCRG1 =      0 
   LXRCRG2 =      0 
   NXRCRG2 =      0 
   PXRCRG2 =      0 
   LINTNOI = -1e-08 
   LUTE =      0 
   NUTE =      0 
   PUTE =      0 
   LUTL =      0 
   NUTL =      0 
   PUTL =      0 
   LEMOBT =      0 
   NEMOBT =      0 
   PEMOBT =      0 
   LUA1 =      0 
   NUA1 =      0 
   PUA1 =      0 
   LUC1 =      0 
   NUC1 =      0 
   PUC1 =      0 
   LUD1 =      0 
   NUD1 =      0 
   PUD1 =      0 
   LUCSTE =      0 
   NUCSTE =      0 
   PUCSTE =      0 
   LPTWGT =      0 
   NPTWGT =      0 
   PPTWGT =      0 
   LAT =      0 
   NAT =      0 
   PAT =      0 
   LSTTHETASAT =      0 
   NSTTHETASAT =      0 
   PSTTHETASAT =      0 
   LPRT =      0 
   NPRT =      0 
   PPRT =      0 
   LKT1 =      0 
   NKT1 =      0 
   PKT1 =      0 
   LTSS =      0 
   NTSS =      0 
   PTSS =      0 
   LIIT =      0 
   NIIT =      0 
   PIIT =      0 
   LTII =      0 
   NTII =      0 
   PTII =      0 
   LTGIDL =      0 
   NTGIDL =      0 
   PTGIDL =      0 
   LIGT =      0 
   NIGT =      0 
   PIGT =      0 
   Imin =  1e-15 
   K01 =      0 
   K0SI1 =      0 
   K1SI =      1 
   K1SI1 =      0 
   K11 =      0 
   K1SAT1 =      0 
   DELTAVSATCV =    0.1 
   PSATCV =      2 
   APSATCV =      0 
   BPSATCV =      1 
   A11 =      0 
   A21 =      0 
   AIGBINV1 =      0 
   AIGBACC1 =      0 
   AIGC1 =      0 
   AIGS1 =      0 
   AIGD1 =      0 
   TOXG = 2.3e-09 
   ALPHA01 =      0 
   ALPHA11 =      0 
   ALPHAII0 =      0 
   ALPHAII01 =      0 
   ALPHAII1 =      0 
   ALPHAII11 =      0 
   LK01 =      0 
   NK01 =      0 
   PK01 =      0 
   LK0SI1 =      0 
   NK0SI1 =      0 
   PK0SI1 =      0 
   LK1SI =      0 
   NK1SI =      0 
   PK1SI =      0 
   LK1SI1 =      0 
   NK1SI1 =      0 
   PK1SI1 =      0 
   LK11 =      0 
   NK11 =      0 
   PK11 =      0 
   LK1SAT1 =      0 
   NK1SAT1 =      0 
   PK1SAT1 =      0 
   LPSATCV =      0 
   NPSATCV =      0 
   PPSATCV =      0 
   LDELTAVSATCV =      0 
   NDELTAVSATCV =      0 
   PDELTAVSATCV =      0 
   LA11 =      0 
   NA11 =      0 
   PA11 =      0 
   LA21 =      0 
   NA21 =      0 
   PA21 =      0 
   LAIGBINV1 =      0 
   NAIGBINV1 =      0 
   PAIGBINV1 =      0 
   LAIGBACC1 =      0 
   NAIGBACC1 =      0 
   PAIGBACC1 =      0 
   LAIGC1 =      0 
   NAIGC1 =      0 
   PAIGC1 =      0 
   LAIGS1 =      0 
   NAIGS1 =      0 
   PAIGS1 =      0 
   LAIGD1 =      0 
   NAIGD1 =      0 
   PAIGD1 =      0 
   LALPHAII0 =      0 
   NALPHAII0 =      0 
   PALPHAII0 =      0 
   LALPHAII1 =      0 
   NALPHAII1 =      0 
   PALPHAII1 =      0 
   CGEO1SW = 0 
   NBODYN1 =      0 
   NBODYN2 =  1e+05 
   PHIGL =      0 
   PHIGN1 =      0 
   PHIGN2 =  1e+05 
   CDSCN1 =      0 
   CDSCN2 =  1e+05 
   CDSCDN1 =      0 
   CDSCDN2 =  1e+05 
   CDSCDRN1 =      0 
   CDSCDRN2 =  1e+05 
   DVT1SS =      1 
   ETA0N1 =      0 
   ETA0N2 =  1e+05 
   TETA0 =      0 
   TETA0R =      0 
   DVTP0 =  0.004 
   DVTP1 =      2 
   VSATN1 =      0 
   VSATN2 =  1e+05 
   VSAT1N1 =      0 
   VSAT1N2 =  1e+05 
   VSAT1RN1 =      0 
   VSAT1RN2 =  1e+05 
   MEXPR =    2.6 
   AMEXPR =      0 
   BMEXPR =      0 
   TMEXPR = -0.001 
   U0N1 =      0 
   U0N2 =  1e+05 
   CHARGEWF =      0 
   LDVT1SS =      0 
   NDVT1SS =      0 
   PDVT1SS =      0 
   LMEXPR =      0 
   NMEXPR =      0 
   PMEXPR =      0 
  TEMPMOD = 0 
  THETASCE =      0 
  THETADIBL =      0 
  THETASW =      0 
  NVTM =      0 
  ATCV = -0.0001 
  TNOIMOD = 0 
  TNOIA =    1.5 
  TNOIB =    3.5 
  RNOIA =  0.577 
  RNOIB =   0.37 
  TNOIC =    3.5 
  RNOIC =  0.395 
  SCALEN =  1e+05 
  LATCV =      0 
  NATCV =      0 
  PATCV =      0 
  TYPE = 1 
  CITR = 0.0009 
  DVTSHIFTR =      0 
  VSATR =  1e+04 
  VSATRN1 =      0 
  VSATRN2 =  1e+05 
  KSATIVR =    1.5 
  ATR = -0.0001 
  U0R =   0.03 
  U0N1R =      0 
  U0N2R =  1e+05 
  UPR =  2e-06 
  LPAR =    0.7 
  UAR =    0.4 
  AUAR =      0 
  BUAR =  1e-07 
  UCR =      0 
  EUR =   1.08 
  AEUR =      0 
  BEUR =  1e-07 
  UDR =  0.055 
  AUDR =      0 
  BUDR = 3.5e-07 
  UTER =      0 
  UTLR = -2e-05 
  UA1R = 4.4e-06 
  UC1R = 5.6e-11 
  UD1R =      0 
  PDIBL2R =  0.016 
  PCLMR =   0.02 
  APCLMR =    0.1 
  BPCLMR = 1.809e-08 
  LCITR =      0 
  NCITR =      0 
  PCITR =      0 
  LDVTSHIFTR =      0 
  NDVTSHIFTR =      0 
  PDVTSHIFTR =      0 
  LVSATR =      0 
  NVSATR =      0 
  PVSATR =      0 
  LKSATIVR =      0 
  NKSATIVR =      0 
  PKSATIVR =      0 
  LU0R =      0 
  NU0R =      0 
  PU0R =      0 
  LUAR =      0 
  NUAR =      0 
  PUAR =      0 
  LUCR =      0 
  NUCR =      0 
  PUCR =      0 
  LEUR =      0 
  NEUR =      0 
  PEUR =      0 
  LUDR =      0 
  NUDR =      0 
  PUDR =      0 
  LPCLMR =      0 
  NPCLMR =      0 
  PPCLMR =      0 
  LPDIBL2R =      0 
  NPDIBL2R =      0 
  PPDIBL2R =      0 
  LUTER =      0 
  NUTER =      0 
  PUTER =      0 
  LUTLR =      0 
  NUTLR =      0 
  PUTLR =      0 
  LUA1R =      0 
  NUA1R =      0 
  PUA1R =      0 
  LUC1R =      0 
  NUC1R =      0 
  PUC1R =      0 
  LUD1R =      0 
  NUD1R =      0 
  PUD1R =      0 
  LATR =      0 
  NATR =      0 
  PATR =      0 
   Lmin =      0 m
   Lmax = 1.61e-08 m
   NFINmin =      1 
   NFINmax =   1000 
  UPDATE = 1 
 Model file: /project/ssstudents/TAPO_downloads/GF12_V1.0_4.1/12LP/V1.0_4.1/Models/HSPICE/models/./././model_nfet.inc
 Model line:           54
 Model Name: nfet.1 
 BSIM-MG BULK Model(Level72)
   VERSION =    108  
   L =  3e-08 
   D =  4e-08 
   TFIN = 1.1e-08 
   FPITCH = 4.8e-08 
   NF = 1 
   NFIN =      1 
   NGCON = 1 
   ASEO =      0 
   ADEO =      0 
   PSEO =      0 
   PDEO =      0 
   ASEJ =      0 
   ADEJ =      0 
   PSEJ =      0 
   PDEJ =      0 
   CGSP =      0 
   CGDP =      0 
   CDSP =      0 
   NRS =      0 
   NRD =      0 
   LRSD =  3e-08 
   XL =  1e-08 
   DTEMP =      0 
   DELVTRAND =      0 
   U0MULT =      1 
   IDS0MULT =      1 
   DEVTYPE = 1 
   BULKMOD = 1 
   COREMOD = 0 
   GEOMOD = 1 
   RDSMOD = 0 
   ASYMMOD = 0 
   IGCMOD = 1 
   IGBMOD = 1 
   GIDLMOD = 1 
   IIMOD = 1 
   NQSMOD = 0 
   SHMOD = 0 
   RGATEMOD = 0 
   RGEOMOD = 0 
   CGEOMOD = 0 
   CAPMOD = 1 
   LINT =      0 
   LL =      0 
   LLN =      1 
   DLC = 1.75e-09 
   DLCACC =      0 
   DLBIN =      0 
   LLC =      0 
   EOT = 1.35e-09 
   TOXP =  9e-10 
   EOTBOX = 1.4e-07 
   HFIN = 3.5e-08 
   FECH =      1 
   DELTAW =  6e-09 
   FECHCV =      1 
   DELTAWCV =  6e-09 
   NBODY =  5e+24 
   NSD =  2e+26 
   PHIG =  4.188 
   EPSROX =    3.9 
   EPSRSUB =   11.9 
   EASUB =   4.05 
   NI0SUB = 1.1e+16 
   BG0SUB =   1.12 
   NC0SUB = 2.86e+25 
   NGATE =      0 
   CIT = 0.0009 
   CDSC =  0.045 
   CDSCD =      0 
   CDSCDR =      0 
   DVT0 =      0 
   DVT1 =      1 
   PHIN =   0.05 
   ETA0 =   0.36 
   ETA0R =   0.36 
   DSUB =  0.875 
   K1RSCE =      0 
   LPE0 =  1e-09 
   DVTSHIFT =      0 
   PHIBE =    0.7 
   K0 =      0 
   K0SI =      1 
   K1 =      0 
   K1SAT =      0 
   QMFACTOR =      0 
   QMTCENIV =      0 
   QMTCENCV =  0.275 
   QMTCENCVA =      0 
   AQMTCEN =      0 
   BQMTCEN = 1.2e-08 
   ETAQM =   0.54 
   QM0 =  0.275 
   PQM =    1.5 
   QM0ACC =  0.001 
   PQMACC =   0.66 
   VSAT =  1e+04 
   AVSAT = 6.6e+04 
   BVSAT = 3.5e-07 
   VSAT1 =  1e+04 
   VSAT1R =  1e+04 
   AVSAT1 = 2.314e+05 
   BVSAT1 = 3.5e-07 
   DELTAVSAT =    0.1 
   PSAT =      2 
   APSAT =      0 
   BPSAT =      1 
   KSATIV =    1.5 
   VSATCV =  1e+04 
   AVSATCV = 6.6e+04 
   BVSATCV = 3.5e-07 
   MEXP =    2.6 
   AMEXP =      0 
   BMEXP =      0 
   PTWG =      0 
   PTWGR =      0 
   APTWG =  14.03 
   BPTWG = 4.078e-08 
   AT = -0.0001 
   TMEXP = -0.001 
   PTWGT =      0 
   U0 =   0.03 
   ETAMOB =   2.64 
   UP =  2e-06 
   LPA =    0.7 
   UA =    0.4 
   AUA =      0 
   BUA =  1e-07 
   UC =      0 
   EU =   1.08 
   AEU =      0 
   BEU =  1e-07 
   UD =  0.055 
   AUD =      0 
   BUD = 3.5e-07 
   UCS =  3.689 
   UTE =      0 
   UTL = -2e-05 
   EMOBT =      0 
   UA1 = 4.4e-06 
   UC1 = 5.6e-11 
   UD1 =      0 
   UCSTE =      0 
   RDSWMIN =      0 
   RDSW =     15 
   ARDSW =      0 
   BRDSW =  1e-07 
   RSWMIN =      0 
   RSW =     50 
   ARSW =      0 
   BRSW =  1e-07 
   RDWMIN =      0 
   RDW =     50 
   ARDW =      0 
   BRDW =  1e-07 
   RSDR =      0 
   RSDRR =      0 
   RDDR =      0 
   RDDRR =      0 
   PRSDR =      1 
   PRDDR =      1 
   PRWGS =      0 
   PRWGD =      0 
   WR =      1 
   PRT =  1e-05 
   TRSDR =      0 
   TRDDR =      0 
   PDIBL1 =    0.2 
   PDIBL1R =    0.2 
   PDIBL2 =  0.016 
   DROUT =      2 
   PVAG =      0 
   PCLM =   0.02 
   APCLM =    0.1 
   BPCLM = 1.809e-08 
   PCLMG =      0 
   PCLMCV =   0.02 
   A1 =      0 
   A2 =      0 
   RGEXT =      0 
   RGFIN =  0.001 
   RSHS =      0 
   RSHD =      0 
   HEPI =  1e-08 
   TSILI =  1e-08 
   RHOC =  1e-12 
   RHORSD =      1 
   CRATIO =    0.5 
   DELTAPRSD =      0 
   SDTERM = 0 
   LSP =  8e-09 
   EPSRSP =    3.9 
   TGATE =  3e-08 
   TMASK =  3e-08 
   ASILIEND =      0 
   ARSDEND =      0 
   PRSDEND =      0 
   NSDE =  2e+25 
   RGEOA =      1 
   RGEOB =      0 
   RGEOC =      0 
   RGEOD =      0 
   RGEOE =      0 
   CGEOA =      1 
   CGEOB =      0 
   CGEOC =      0 
   CGEOD =      0 
   CGEOE =      1 
   AIGBINV =   0.01 
   BIGBINV = 0.0001 
   CIGBINV =  0.006 
   EIGBINV =    1.1 
   NIGBINV =      3 
   AIGBACC = 0.0098 
   BIGBACC = 0.0039 
   CIGBACC =  0.075 
   NIGBACC =      3 
   AIGC = 0.0094 
   BIGC = 0.0025 
   CIGC =   0.02 
   PIGCD =      1 
   DLCIGS =  8e-11 
   AIGS = 0.0085 
   BIGS = 0.0016 
   CIGS =   0.07 
   DLCIGD =  8e-11 
   AIGD = 0.0085 
   BIGD = 0.0016 
   CIGD =   0.07 
   TOXREF = 1.2e-09 
   NTOX =      1 
   POXEDGE =      1 
   AGISL = 7.375e-07 
   BGISL = 2.74e+09 
   CGISL =    0.5 
   EGISL =  0.235 
   PGISL =      1 
   AGIDL = 7.375e-07 
   BGIDL = 2.74e+09 
   CGIDL =    0.5 
   EGIDL =  0.235 
   PGIDL =      1 
   ALPHA0 =      0 
   ALPHA1 =      1 
   BETA0 =      9 
   BETAII0 =      0 
   BETAII1 =      0 
   BETAII2 =    0.1 
   ESATII =  1e+07 
   LII =  5e-10 
   SII0 =    0.5 
   SII1 =    0.1 
   SII2 =      0 
   SIID =      0 
   EOTACC = 1.35e-09 
   DELVFBACC =      0 
   CFS =      0 
   CFD =      0 
   COVS = 3.51e-18 
   COVD = 3.51e-18 
   CGSO =  1e-11 
   CGDO =  1e-11 
   CGSL = 1.05e-10 
   CGDL = 1.05e-10 
   CKAPPAS =  0.275 
   CKAPPAD =  0.275 
   CGBO =      0 
   CGBN = 4.5e-10 
   CGBL =      0 
   CKAPPAB =    0.6 
   CSDESW =      0 
   CJS = 0.00342 
   CJD = 0.00342 
   CJSWS =      0 
   CJSWD =      0 
   CJSWGS = 2.6e-11 
   CJSWGD = 2.6e-11 
   PBS =    0.6 
   PBD =    0.6 
   PBSWS =      1 
   PBSWD =      1 
   PBSWGS =    0.6 
   PBSWGD =    0.6 
   MJS =  0.085 
   MJD =  0.085 
   MJSWS =   0.33 
   MJSWD =   0.33 
   MJSWGS =   0.17 
   MJSWGD =   0.17 
   SJS =      0 
   SJD =      0 
   SJSWS =      0 
   SJSWD =      0 
   SJSWGS =      0 
   SJSWGD =      0 
   MJS2 =  0.125 
   MJD2 =  0.125 
   MJSWS2 =  0.083 
   MJSWD2 =  0.083 
   MJSWGS2 =  0.083 
   MJSWGD2 =  0.083 
   JSS = 0.0005 
   JSD = 0.0005 
   JSWS =      0 
   JSWD =      0 
   JSWGS = 7.858e-14 
   JSWGD = 7.858e-14 
   NJS =    1.5 
   NJD =    1.5 
   IJTHSFWD =    0.1 
   IJTHDFWD =    0.1 
   IJTHSREV =    0.1 
   IJTHDREV =    0.1 
   BVS =    3.6 
   BVD =    3.6 
   XJBVS =      1 
   XJBVD =      1 
   JTSS =  0.014 
   JTSD =  0.014 
   JTSSWS =      0 
   JTSSWD =      0 
   JTSSWGS = 3.152e-10 
   JTSSWGD = 3.152e-10 
   JTWEFF =      0 
   NJTS =     20 
   NJTSD =     14 
   NJTSSW =     20 
   NJTSSWD =     20 
   NJTSSWG =     20 
   NJTSSWGD =     20 
   VTSS =     15 
   VTSD =     15 
   VTSSWS =     10 
   VTSSWD =     10 
   VTSSWGS =     10 
   VTSSWGD =     10 
   LINTIGEN =      0 
   NTGEN =      1 
   AIGEN =      0 
   BIGEN =      0 
   XRCRG1 =     12 
   XRCRG2 =      1 
   NSEG = 5 
   EF =      1 
   EM = 4.1e+07 
   NOIA = 4.751e+42 
   NOIB = 1.01e+24 
   NOIC = 2.11e+07 
   NTNOI =  2.003 
   TNOM =     25 
   TBGASUB = 0.000702 
   TBGBSUB =   1108 
   KT1 =      0 
   KT1L =      0 
   TSS =      0 
   IIT =   -0.5 
   TII =      0 
   TGIDL = -0.000916 
   IGT =    2.5 
   TCJ =  0.001 
   TCJSW =      0 
   TCJSWG = 0.000885 
   TPB = 0.0008918 
   TPBSW =      0 
   TPBSWG = 0.001157 
   XTIS = -2.499 
   XTID = -2.499 
   XTSS =   0.45 
   XTSD =   0.45 
   XTSSWS =   0.02 
   XTSSWD =   0.02 
   XTSSWGS = 0.5023 
   XTSSWGD = 0.5023 
   TNJTS =      0 
   TNJTSD =      0 
   TNJTSSW =      0 
   TNJTSSWD =      0 
   TNJTSSWG =      0 
   TNJTSSWGD =      0 
   RTH0 =   0.01 
   CTH0 =  1e-05 
   WTH0 =      0 
   LNBODY =      0 
   NNBODY =      0 
   PNBODY =      0 
   LPHIG =      0 
   NPHIG =      0 
   PPHIG =      0 
   LNGATE =      0 
   NNGATE =      0 
   PNGATE =      0 
   LCIT =      0 
   NCIT =      0 
   PCIT =      0 
   LCDSC =      0 
   NCDSC =      0 
   PCDSC =      0 
   LCDSCD =      0 
   NCDSCD =      0 
   PCDSCD =      0 
   LCDSCDR =      0 
   NCDSCDR =      0 
   PCDSCDR =      0 
   LDVT0 =      0 
   NDVT0 =      0 
   PDVT0 =      0 
   LDVT1 =      0 
   NDVT1 =      0 
   PDVT1 =      0 
   LPHIN =      0 
   NPHIN =      0 
   PPHIN =      0 
   LETA0 =      0 
   NETA0 =      0 
   PETA0 = -0.015 
   LETA0R =      0 
   NETA0R =      0 
   PETA0R = -0.015 
   LDSUB =      0 
   NDSUB =      0 
   PDSUB =      0 
   LK1RSCE =   0.07 
   NK1RSCE =      0 
   PK1RSCE =      0 
   LLPE0 =      0 
   NLPE0 =      0 
   PLPE0 =      0 
   LDVTSHIFT =      0 
   NDVTSHIFT =      0 
   PDVTSHIFT =      0 
   LPHIBE =      0 
   NPHIBE =      0 
   PPHIBE =      0 
   LK0 =      0 
   NK0 =      0 
   PK0 =      0 
   LK0SI =      0 
   NK0SI =      0 
   PK0SI =      0 
   LK1 =      0 
   NK1 =      0 
   PK1 =      0 
   LK1SAT =      0 
   NK1SAT =      0 
   PK1SAT =      0 
   LDVTB =      0 
   NDVTB =      0 
   PDVTB =      0 
   LLPEB =      0 
   NLPEB =      0 
   PLPEB =      0 
   LQMFACTOR =      0 
   NQMFACTOR =      0 
   PQMFACTOR =      0 
   LQMTCENIV =      0 
   NQMTCENIV =      0 
   PQMTCENIV =      0 
   LQMTCENCV =      0 
   NQMTCENCV =      0 
   PQMTCENCV =      0 
   LQMTCENCVA =      0 
   NQMTCENCVA =      0 
   PQMTCENCVA =      0 
   LVSAT =      0 
   NVSAT =      0 
   PVSAT =      0 
   LVSAT1 =      0 
   NVSAT1 =      0 
   PVSAT1 =      0 
   LVSAT1R =      0 
   NVSAT1R =      0 
   PVSAT1R =      0 
   LPSAT =      0 
   NPSAT =      0 
   PPSAT =      0 
   LDELTAVSAT =      0 
   NDELTAVSAT =      0 
   PDELTAVSAT =      0 
   LKSATIV =      0 
   NKSATIV =      0 
   PKSATIV =      0 
   LVSATCV =      0 
   NVSATCV =      0 
   PVSATCV =      0 
   LMEXP =      0 
   NMEXP =      0 
   PMEXP =      0 
   LPTWG =      0 
   NPTWG =      0 
   PPTWG =      0 
   LPTWGR =      0 
   NPTWGR =      0 
   PPTWGR =      0 
   LU0 =      0 
   NU0 =      0 
   PU0 =      0 
   LETAMOB =      0 
   NETAMOB =      0 
   PETAMOB =      0 
   LUP =      0 
   NUP =      0 
   PUP =      0 
   LUA =      0 
   NUA =      0 
   PUA =      0 
   LUC =      0 
   NUC =      0 
   PUC =      0 
   LEU =      0 
   NEU =      0 
   PEU =      0 
   LUD =      0 
   NUD =      0 
   PUD =      0 
   LUCS =      0 
   NUCS =      0 
   PUCS =      0 
   LPCLM =      0 
   NPCLM =      0 
   PPCLM =      0 
   LPCLMG =      0 
   NPCLMG =      0 
   PPCLMG =      0 
   LPCLMCV =      0 
   NPCLMCV =      0 
   PPCLMCV =      0 
   LA1 =      0 
   NA1 =      0 
   PA1 =      0 
   LA2 =      0 
   NA2 =      0 
   PA2 =      0 
   LRDSW =      0 
   NRDSW =      0 
   PRDSW =      0 
   LRSW =      0 
   NRSW =      0 
   PRSW =      0 
   LRDW =      0 
   NRDW =      0 
   PRDW =      0 
   LPRWGS =      0 
   NPRWGS =      0 
   PPRWGS =      0 
   LPRWGD =      0 
   NPRWGD =      0 
   PPRWGD =      0 
   LWR =      0 
   NWR =      0 
   PWR =      0 
   LPDIBL1 =      0 
   NPDIBL1 =      0 
   PPDIBL1 =      0 
   LPDIBL1R =      0 
   NPDIBL1R =      0 
   PPDIBL1R =      0 
   LPDIBL2 =      0 
   NPDIBL2 =      0 
   PPDIBL2 =      0 
   LDROUT =      0 
   NDROUT =      0 
   PDROUT =      0 
   LPVAG =      0 
   NPVAG =      0 
   PPVAG =      0 
   LAIGBINV =      0 
   NAIGBINV =      0 
   PAIGBINV =      0 
   LBIGBINV =      0 
   NBIGBINV =      0 
   PBIGBINV =      0 
   LCIGBINV =      0 
   NCIGBINV =      0 
   PCIGBINV =      0 
   LEIGBINV =      0 
   NEIGBINV =      0 
   PEIGBINV =      0 
   LNIGBINV =      0 
   NNIGBINV =      0 
   PNIGBINV =      0 
   LAIGBACC =      0 
   NAIGBACC =      0 
   PAIGBACC =      0 
   LBIGBACC =      0 
   NBIGBACC =      0 
   PBIGBACC =      0 
   LCIGBACC =      0 
   NCIGBACC =      0 
   PCIGBACC =      0 
   LNIGBACC =      0 
   NNIGBACC =      0 
   PNIGBACC =      0 
   LAIGC =      0 
   NAIGC =      0 
   PAIGC =      0 
   LBIGC =      0 
   NBIGC =      0 
   PBIGC =      0 
   LCIGC =      0 
   NCIGC =      0 
   PCIGC =      0 
   LPIGCD =      0 
   NPIGCD =      0 
   PPIGCD =      0 
   LAIGS =      0 
   NAIGS =      0 
   PAIGS =      0 
   LBIGS =      0 
   NBIGS =      0 
   PBIGS =      0 
   LCIGS =      0 
   NCIGS =      0 
   PCIGS =      0 
   LAIGD =      0 
   NAIGD =      0 
   PAIGD =      0 
   LBIGD =      0 
   NBIGD =      0 
   PBIGD =      0 
   LCIGD =      0 
   NCIGD =      0 
   PCIGD =      0 
   LNTOX =      0 
   NNTOX =      0 
   PNTOX =      0 
   LPOXEDGE =      0 
   NPOXEDGE =      0 
   PPOXEDGE =      0 
   LAGISL =      0 
   NAGISL =      0 
   PAGISL =      0 
   LBGISL =      0 
   NBGISL =      0 
   PBGISL =      0 
   LCGISL =      0 
   NCGISL =      0 
   PCGISL =      0 
   LEGISL =      0 
   NEGISL =      0 
   PEGISL =      0 
   LPGISL =      0 
   NPGISL =      0 
   PPGISL =      0 
   LAGIDL =      0 
   NAGIDL =      0 
   PAGIDL =      0 
   LBGIDL =      0 
   NBGIDL =      0 
   PBGIDL =      0 
   LCGIDL =      0 
   NCGIDL =      0 
   PCGIDL =      0 
   LEGIDL =      0 
   NEGIDL =      0 
   PEGIDL =      0 
   LPGIDL =      0 
   NPGIDL =      0 
   PPGIDL =      0 
   LALPHA0 =      0 
   NALPHA0 =      0 
   PALPHA0 =      0 
   LALPHA1 =      0 
   NALPHA1 =      0 
   PALPHA1 =      0 
   LBETA0 =      0 
   NBETA0 =      0 
   PBETA0 =      0 
   LBETAII0 =      0 
   NBETAII0 =      0 
   PBETAII0 =      0 
   LBETAII1 =      0 
   NBETAII1 =      0 
   PBETAII1 =      0 
   LBETAII2 =      0 
   NBETAII2 =      0 
   PBETAII2 =      0 
   LESATII =      0 
   NESATII =      0 
   PESATII =      0 
   LLII =      0 
   NLII =      0 
   PLII =      0 
   LSII0 =      0 
   NSII0 =      0 
   PSII0 =      0 
   LSII1 =      0 
   NSII1 =      0 
   PSII1 =      0 
   LSII2 =      0 
   NSII2 =      0 
   PSII2 =      0 
   LSIID =      0 
   NSIID =      0 
   PSIID =      0 
   LCFS =      0 
   NCFS =      0 
   PCFS =      0 
   LCFD =      0 
   NCFD =      0 
   PCFD =      0 
   LCOVS =      0 
   NCOVS =      0 
   PCOVS =      0 
   LCOVD =      0 
   NCOVD =      0 
   PCOVD =      0 
   LCGSL =      0 
   NCGSL =      0 
   PCGSL =      0 
   LCGDL =      0 
   NCGDL =      0 
   PCGDL =      0 
   LCKAPPAS =      0 
   NCKAPPAS =      0 
   PCKAPPAS =      0 
   LCKAPPAD =      0 
   NCKAPPAD =      0 
   PCKAPPAD =      0 
   LCGBL =      0 
   NCGBL =      0 
   PCGBL =      0 
   LCKAPPAB =      0 
   NCKAPPAB =      0 
   PCKAPPAB =      0 
   LNTGEN =      0 
   NNTGEN =      0 
   PNTGEN =      0 
   LAIGEN =      0 
   NAIGEN =      0 
   PAIGEN =      0 
   LBIGEN =      0 
   NBIGEN =      0 
   PBIGEN =      0 
   LXRCRG1 =      0 
   NXRCRG1 =      0 
   PXRCRG1 =      0 
   LXRCRG2 =      0 
   NXRCRG2 =      0 
   PXRCRG2 =      0 
   LINTNOI = -1e-08 
   LUTE =      0 
   NUTE =      0 
   PUTE =      0 
   LUTL =      0 
   NUTL =      0 
   PUTL =      0 
   LEMOBT =      0 
   NEMOBT =      0 
   PEMOBT =      0 
   LUA1 =      0 
   NUA1 =      0 
   PUA1 =      0 
   LUC1 =      0 
   NUC1 =      0 
   PUC1 =      0 
   LUD1 =      0 
   NUD1 =      0 
   PUD1 =      0 
   LUCSTE =      0 
   NUCSTE =      0 
   PUCSTE =      0 
   LPTWGT =      0 
   NPTWGT =      0 
   PPTWGT =      0 
   LAT =      0 
   NAT =      0 
   PAT =      0 
   LSTTHETASAT =      0 
   NSTTHETASAT =      0 
   PSTTHETASAT =      0 
   LPRT =      0 
   NPRT =      0 
   PPRT =      0 
   LKT1 =      0 
   NKT1 =      0 
   PKT1 =      0 
   LTSS =      0 
   NTSS =      0 
   PTSS =      0 
   LIIT =      0 
   NIIT =      0 
   PIIT =      0 
   LTII =      0 
   NTII =      0 
   PTII =      0 
   LTGIDL =      0 
   NTGIDL =      0 
   PTGIDL =      0 
   LIGT =      0 
   NIGT =      0 
   PIGT =      0 
   Imin =  1e-15 
   K01 =      0 
   K0SI1 =      0 
   K1SI =      1 
   K1SI1 =      0 
   K11 =      0 
   K1SAT1 =      0 
   DELTAVSATCV =    0.1 
   PSATCV =      2 
   APSATCV =      0 
   BPSATCV =      1 
   A11 =      0 
   A21 =      0 
   AIGBINV1 =      0 
   AIGBACC1 =      0 
   AIGC1 =      0 
   AIGS1 =      0 
   AIGD1 =      0 
   TOXG = 2.3e-09 
   ALPHA01 =      0 
   ALPHA11 =      0 
   ALPHAII0 =      0 
   ALPHAII01 =      0 
   ALPHAII1 =      0 
   ALPHAII11 =      0 
   LK01 =      0 
   NK01 =      0 
   PK01 =      0 
   LK0SI1 =      0 
   NK0SI1 =      0 
   PK0SI1 =      0 
   LK1SI =      0 
   NK1SI =      0 
   PK1SI =      0 
   LK1SI1 =      0 
   NK1SI1 =      0 
   PK1SI1 =      0 
   LK11 =      0 
   NK11 =      0 
   PK11 =      0 
   LK1SAT1 =      0 
   NK1SAT1 =      0 
   PK1SAT1 =      0 
   LPSATCV =      0 
   NPSATCV =      0 
   PPSATCV =      0 
   LDELTAVSATCV =      0 
   NDELTAVSATCV =      0 
   PDELTAVSATCV =      0 
   LA11 =      0 
   NA11 =      0 
   PA11 =      0 
   LA21 =      0 
   NA21 =      0 
   PA21 =      0 
   LAIGBINV1 =      0 
   NAIGBINV1 =      0 
   PAIGBINV1 =      0 
   LAIGBACC1 =      0 
   NAIGBACC1 =      0 
   PAIGBACC1 =      0 
   LAIGC1 =      0 
   NAIGC1 =      0 
   PAIGC1 =      0 
   LAIGS1 =      0 
   NAIGS1 =      0 
   PAIGS1 =      0 
   LAIGD1 =      0 
   NAIGD1 =      0 
   PAIGD1 =      0 
   LALPHAII0 =      0 
   NALPHAII0 =      0 
   PALPHAII0 =      0 
   LALPHAII1 =      0 
   NALPHAII1 =      0 
   PALPHAII1 =      0 
   CGEO1SW = 0 
   NBODYN1 =      0 
   NBODYN2 =  1e+05 
   PHIGL =      0 
   PHIGN1 =      0 
   PHIGN2 =  1e+05 
   CDSCN1 =      0 
   CDSCN2 =  1e+05 
   CDSCDN1 =      0 
   CDSCDN2 =  1e+05 
   CDSCDRN1 =      0 
   CDSCDRN2 =  1e+05 
   DVT1SS =      1 
   ETA0N1 =      0 
   ETA0N2 =  1e+05 
   TETA0 =      0 
   TETA0R =      0 
   DVTP0 =  0.004 
   DVTP1 =      2 
   VSATN1 =      0 
   VSATN2 =  1e+05 
   VSAT1N1 =      0 
   VSAT1N2 =  1e+05 
   VSAT1RN1 =      0 
   VSAT1RN2 =  1e+05 
   MEXPR =    2.6 
   AMEXPR =      0 
   BMEXPR =      0 
   TMEXPR = -0.001 
   U0N1 =      0 
   U0N2 =  1e+05 
   CHARGEWF =      0 
   LDVT1SS =      0 
   NDVT1SS =      0 
   PDVT1SS =      0 
   LMEXPR =      0 
   NMEXPR =      0 
   PMEXPR =      0 
  TEMPMOD = 0 
  THETASCE =      0 
  THETADIBL =      0 
  THETASW =      0 
  NVTM =      0 
  ATCV = -0.0001 
  TNOIMOD = 0 
  TNOIA =    1.5 
  TNOIB =    3.5 
  RNOIA =  0.577 
  RNOIB =   0.37 
  TNOIC =    3.5 
  RNOIC =  0.395 
  SCALEN =  1e+05 
  LATCV =      0 
  NATCV =      0 
  PATCV =      0 
  TYPE = 1 
  CITR = 0.0009 
  DVTSHIFTR =      0 
  VSATR =  1e+04 
  VSATRN1 =      0 
  VSATRN2 =  1e+05 
  KSATIVR =    1.5 
  ATR = -0.0001 
  U0R =   0.03 
  U0N1R =      0 
  U0N2R =  1e+05 
  UPR =  2e-06 
  LPAR =    0.7 
  UAR =    0.4 
  AUAR =      0 
  BUAR =  1e-07 
  UCR =      0 
  EUR =   1.08 
  AEUR =      0 
  BEUR =  1e-07 
  UDR =  0.055 
  AUDR =      0 
  BUDR = 3.5e-07 
  UTER =      0 
  UTLR = -2e-05 
  UA1R = 4.4e-06 
  UC1R = 5.6e-11 
  UD1R =      0 
  PDIBL2R =  0.016 
  PCLMR =   0.02 
  APCLMR =    0.1 
  BPCLMR = 1.809e-08 
  LCITR =      0 
  NCITR =      0 
  PCITR =      0 
  LDVTSHIFTR =      0 
  NDVTSHIFTR =      0 
  PDVTSHIFTR =      0 
  LVSATR =      0 
  NVSATR =      0 
  PVSATR =      0 
  LKSATIVR =      0 
  NKSATIVR =      0 
  PKSATIVR =      0 
  LU0R =      0 
  NU0R =      0 
  PU0R =      0 
  LUAR =      0 
  NUAR =      0 
  PUAR =      0 
  LUCR =      0 
  NUCR =      0 
  PUCR =      0 
  LEUR =      0 
  NEUR =      0 
  PEUR =      0 
  LUDR =      0 
  NUDR =      0 
  PUDR =      0 
  LPCLMR =      0 
  NPCLMR =      0 
  PPCLMR =      0 
  LPDIBL2R =      0 
  NPDIBL2R =      0 
  PPDIBL2R =      0 
  LUTER =      0 
  NUTER =      0 
  PUTER =      0 
  LUTLR =      0 
  NUTLR =      0 
  PUTLR =      0 
  LUA1R =      0 
  NUA1R =      0 
  PUA1R =      0 
  LUC1R =      0 
  NUC1R =      0 
  PUC1R =      0 
  LUD1R =      0 
  NUD1R =      0 
  PUD1R =      0 
  LATR =      0 
  NATR =      0 
  PATR =      0 
   Lmin =      0 m
   Lmax = 1.61e-08 m
   NFINmin =      1 
   NFINmax =   1000 
  UPDATE = 1 
 Model file: /project/ssstudents/TAPO_downloads/GF12_V1.0_4.1/12LP/V1.0_4.1/Models/HSPICE/models/./././model_pfet.inc
 Model line:           54
 Model Name: pfet.1 
 BSIM-MG BULK Model(Level72)
   VERSION =    108  
   L =  3e-08 
   D =  4e-08 
   TFIN = 1.1e-08 
   FPITCH =  8e-08 
   NF = 1 
   NFIN =      1 
   NGCON = 1 
   ASEO =      0 
   ADEO =      0 
   PSEO =      0 
   PDEO =      0 
   ASEJ =      0 
   ADEJ =      0 
   PSEJ =      0 
   PDEJ =      0 
   CGSP =      0 
   CGDP =      0 
   CDSP =      0 
   NRS =      0 
   NRD =      0 
   LRSD =  3e-08 
   XL =  1e-08 
   DTEMP =      0 
   DELVTRAND =      0 
   U0MULT =      1 
   IDS0MULT =      1 
   DEVTYPE = 0 
   BULKMOD = 1 
   COREMOD = 0 
   GEOMOD = 1 
   RDSMOD = 0 
   ASYMMOD = 0 
   IGCMOD = 1 
   IGBMOD = 1 
   GIDLMOD = 1 
   IIMOD = 1 
   NQSMOD = 0 
   SHMOD = 0 
   RGATEMOD = 0 
   RGEOMOD = 0 
   CGEOMOD = 0 
   CAPMOD = 1 
   LINT =      0 
   LL =      0 
   LLN =      1 
   DLC =  2e-10 
   DLCACC =      0 
   DLBIN =      0 
   LLC =      0 
   EOT = 1.3e-09 
   TOXP = 7.3e-10 
   EOTBOX = 1.3e-07 
   HFIN = 3.5e-08 
   FECH =      1 
   DELTAW =  6e-09 
   FECHCV =      1 
   DELTAWCV =  6e-09 
   NBODY =  4e+24 
   NSD =  2e+26 
   PHIG =   4.91 
   EPSROX =    3.9 
   EPSRSUB =   11.9 
   EASUB =   4.05 
   NI0SUB = 1.1e+16 
   BG0SUB =   1.12 
   NC0SUB = 2.86e+25 
   NGATE =      0 
   CIT = 0.0003025 
   CDSC = 0.000129 
   CDSCD = 1.635e-05 
   CDSCDR = 1.635e-05 
   DVT0 =      0 
   DVT1 =      1 
   PHIN =   0.05 
   ETA0 =   0.24 
   ETA0R =   0.24 
   DSUB =   0.63 
   K1RSCE =      0 
   LPE0 = 2.347e-10 
   DVTSHIFT =      0 
   PHIBE =    0.7 
   K0 =      0 
   K0SI =      1 
   K1 =      0 
   K1SAT =      0 
   QMFACTOR =      0 
   QMTCENIV =      0 
   QMTCENCV =   0.15 
   QMTCENCVA =      0 
   AQMTCEN =      0 
   BQMTCEN = 1.2e-08 
   ETAQM =   0.54 
   QM0 =   0.31 
   PQM =   0.66 
   QM0ACC =  0.001 
   PQMACC =   0.66 
   VSAT = 6.134e+04 
   AVSAT =      0 
   BVSAT =  1e-07 
   VSAT1 = 6.134e+04 
   VSAT1R = 6.134e+04 
   AVSAT1 =      0 
   BVSAT1 =  1e-07 
   DELTAVSAT =  1.142 
   PSAT =      2 
   APSAT =      0 
   BPSAT =      1 
   KSATIV = 0.7538 
   VSATCV = 6.134e+04 
   AVSATCV =      0 
   BVSATCV =  1e-07 
   MEXP =  5.211 
   AMEXP =      0 
   BMEXP =      1 
   PTWG =      0 
   PTWGR =      0 
   APTWG =      0 
   BPTWG =  1e-07 
   AT =      0 
   TMEXP =      0 
   PTWGT = -0.007009 
   U0 =  0.057 
   ETAMOB =  1.091 
   UP = -4e-09 
   LPA =      1 
   UA =  1.351 
   AUA =      0 
   BUA =  1e-07 
   UC =      0 
   EU =   1.31 
   AEU =      0 
   BEU =  1e-07 
   UD = 0.4779 
   AUD =      0 
   BUD =  5e-08 
   UCS =   1.15 
   UTE = -0.7103 
   UTL =      0 
   EMOBT =      0 
   UA1 =      0 
   UC1 = 5.6e-11 
   UD1 =      0 
   UCSTE = 0.4981 
   RDSWMIN =      0 
   RDSW =     99 
   ARDSW =  12.16 
   BRDSW = 3.288e-08 
   RSWMIN =      0 
   RSW =     50 
   ARSW =      0 
   BRSW =  1e-07 
   RDWMIN =      0 
   RDW =     50 
   ARDW =     50 
   BRDW =  1e-07 
   RSDR =      0 
   RSDRR =      0 
   RDDR =      0 
   RDDRR =      0 
   PRSDR =      1 
   PRDDR =      1 
   PRWGS =      0 
   PRWGD =      0 
   WR =      1 
   PRT =      0 
   TRSDR =      0 
   TRDDR =      0 
   PDIBL1 =      0 
   PDIBL1R =      0 
   PDIBL2 =      0 
   DROUT =  1.561 
   PVAG =  1.003 
   PCLM = 0.0635 
   APCLM =      0 
   BPCLM = 1.196e-07 
   PCLMG =      0 
   PCLMCV = 0.0635 
   A1 = -0.4351 
   A2 =      0 
   RGEXT =      0 
   RGFIN =  0.001 
   RSHS =      0 
   RSHD =      0 
   HEPI =  1e-08 
   TSILI =  1e-08 
   RHOC =  1e-12 
   RHORSD =      1 
   CRATIO =    0.5 
   DELTAPRSD =      0 
   SDTERM = 0 
   LSP =  8e-09 
   EPSRSP =    3.9 
   TGATE =  3e-08 
   TMASK =  3e-08 
   ASILIEND =      0 
   ARSDEND =      0 
   PRSDEND =      0 
   NSDE =  2e+25 
   RGEOA =      1 
   RGEOB =      0 
   RGEOC =      0 
   RGEOD =      0 
   RGEOE =      0 
   CGEOA =      1 
   CGEOB =      0 
   CGEOC =      0 
   CGEOD =      0 
   CGEOE =      1 
   AIGBINV = 0.0111 
   BIGBINV = 0.000949 
   CIGBINV =  0.006 
   EIGBINV =    1.1 
   NIGBINV =      3 
   AIGBACC = 0.0136 
   BIGBACC = 0.00171 
   CIGBACC =  0.075 
   NIGBACC =      1 
   AIGC = 0.006659 
   BIGC = 0.00251 
   CIGC =  0.075 
   PIGCD =      1 
   DLCIGS = 8.99e-12 
   AIGS = 0.005726 
   BIGS = 0.002156 
   CIGS =  0.075 
   DLCIGD = 8.99e-12 
   AIGD = 0.005726 
   BIGD = 0.002156 
   CIGD =  0.075 
   TOXREF = 1.2e-09 
   NTOX =      1 
   POXEDGE =      1 
   AGISL = 4.6e-07 
   BGISL = 3.793e+09 
   CGISL =    0.5 
   EGISL = 0.05574 
   PGISL =      1 
   AGIDL = 4.6e-07 
   BGIDL = 3.793e+09 
   CGIDL =    0.5 
   EGIDL = 0.05574 
   PGIDL =      1 
   ALPHA0 =      0 
   ALPHA1 =    0.6 
   BETA0 =    9.5 
   BETAII0 =      0 
   BETAII1 =      0 
   BETAII2 =    0.1 
   ESATII =  1e+07 
   LII =  5e-10 
   SII0 =    0.5 
   SII1 =    0.1 
   SII2 =      0 
   SIID =      0 
   EOTACC = 1.3e-09 
   DELVFBACC =      0 
   CFS =      0 
   CFD =      0 
   COVS =      0 
   COVD =      0 
   CGSO = 7.5e-11 
   CGDO = 7.5e-11 
   CGSL = 1.108e-10 
   CGDL = 1.108e-10 
   CKAPPAS = 0.1895 
   CKAPPAD = 0.1895 
   CGBO =      0 
   CGBN = 1.9e-10 
   CGBL =      0 
   CKAPPAB =    0.6 
   CSDESW =      0 
   CJS = 0.007002 
   CJD = 0.007002 
   CJSWS =      0 
   CJSWD =      0 
   CJSWGS = 1.64e-10 
   CJSWGD = 1.64e-10 
   PBS = 0.8568 
   PBD = 0.8568 
   PBSWS =      1 
   PBSWD =      1 
   PBSWGS =  1.156 
   PBSWGD =  1.156 
   MJS = 0.3993 
   MJD = 0.3993 
   MJSWS =   0.33 
   MJSWD =   0.33 
   MJSWGS = 0.7556 
   MJSWGD = 0.7556 
   SJS =      0 
   SJD =      0 
   SJSWS =      0 
   SJSWD =      0 
   SJSWGS =      0 
   SJSWGD =      0 
   MJS2 =  0.125 
   MJD2 =  0.125 
   MJSWS2 =  0.083 
   MJSWD2 =  0.083 
   MJSWGS2 =  0.083 
   MJSWGD2 =  0.083 
   JSS = 0.0001 
   JSD = 0.0001 
   JSWS =      0 
   JSWD =      0 
   JSWGS =  1e-09 
   JSWGD =  1e-09 
   NJS =  1.317 
   NJD =  1.317 
   IJTHSFWD =    0.1 
   IJTHDFWD =    0.1 
   IJTHSREV =    0.1 
   IJTHDREV =    0.1 
   BVS =      5 
   BVD =      5 
   XJBVS =      1 
   XJBVD =      1 
   JTSS = 0.009545 
   JTSD = 0.009545 
   JTSSWS =      0 
   JTSSWD =      0 
   JTSSWGS = 7.5e-08 
   JTSSWGD = 7.5e-08 
   JTWEFF =      0 
   NJTS =   11.5 
   NJTSD =   11.5 
   NJTSSW =     20 
   NJTSSWD =     20 
   NJTSSWG =     20 
   NJTSSWGD =     20 
   VTSS =     10 
   VTSD =     10 
   VTSSWS =     10 
   VTSSWD =     10 
   VTSSWGS =     10 
   VTSSWGD =     10 
   LINTIGEN =      0 
   NTGEN =      1 
   AIGEN =      0 
   BIGEN =      0 
   XRCRG1 =     12 
   XRCRG2 =      1 
   NSEG = 5 
   EF =   0.97 
   EM = 4.1e+07 
   NOIA = 4.65e+42 
   NOIB = 2.039e+26 
   NOIC = 5.75e+08 
   NTNOI =  1.904 
   TNOM =     25 
   TBGASUB = 0.000702 
   TBGBSUB =   1108 
   KT1 = 0.02475 
   KT1L = -5.917e-10 
   TSS =      0 
   IIT =   -0.5 
   TII =      0 
   TGIDL = -0.001212 
   IGT =    2.5 
   TCJ = 0.0007 
   TCJSW =      0 
   TCJSWG = 0.0003922 
   TPB = 0.00142 
   TPBSW =      0 
   TPBSWG = 0.001236 
   XTIS =      3 
   XTID =      3 
   XTSS = 0.3089 
   XTSD = 0.3089 
   XTSSWS =   0.02 
   XTSSWD =   0.02 
   XTSSWGS = 0.08057 
   XTSSWGD = 0.08057 
   TNJTS = 0.4192 
   TNJTSD = 0.4192 
   TNJTSSW =      0 
   TNJTSSWD =      0 
   TNJTSSWG =      0 
   TNJTSSWGD =      0 
   RTH0 =   0.01 
   CTH0 =  1e-05 
   WTH0 =      0 
   LNBODY =      0 
   NNBODY =      0 
   PNBODY =      0 
   LPHIG = 0.00093 
   NPHIG =      0 
   PPHIG = -0.000275 
   LNGATE =      0 
   NNGATE =      0 
   PNGATE =      0 
   LCIT = 3.71e-05 
   NCIT =      0 
   PCIT =      0 
   LCDSC = 2.804e-05 
   NCDSC =      0 
   PCDSC =      0 
   LCDSCD =      0 
   NCDSCD =      0 
   PCDSCD =      0 
   LCDSCDR =      0 
   NCDSCDR =      0 
   PCDSCDR =      0 
   LDVT0 =      0 
   NDVT0 =      0 
   PDVT0 =      0 
   LDVT1 =      0 
   NDVT1 =      0 
   PDVT1 =      0 
   LPHIN =      0 
   NPHIN =      0 
   PPHIN =      0 
   LETA0 =      0 
   NETA0 =      0 
   PETA0 =      0 
   LETA0R =      0 
   NETA0R =      0 
   PETA0R =      0 
   LDSUB =      0 
   NDSUB =      0 
   PDSUB =      0 
   LK1RSCE = 0.1986 
   NK1RSCE =      0 
   PK1RSCE =      0 
   LLPE0 =      0 
   NLPE0 =      0 
   PLPE0 =      0 
   LDVTSHIFT =      0 
   NDVTSHIFT =      0 
   PDVTSHIFT =      0 
   LPHIBE =      0 
   NPHIBE =      0 
   PPHIBE =      0 
   LK0 =      0 
   NK0 =      0 
   PK0 =      0 
   LK0SI =      0 
   NK0SI =      0 
   PK0SI =      0 
   LK1 =      0 
   NK1 =      0 
   PK1 =      0 
   LK1SAT =      0 
   NK1SAT =      0 
   PK1SAT =      0 
   LDVTB =      0 
   NDVTB =      0 
   PDVTB =      0 
   LLPEB =      0 
   NLPEB =      0 
   PLPEB =      0 
   LQMFACTOR =      0 
   NQMFACTOR =      0 
   PQMFACTOR =      0 
   LQMTCENIV =      0 
   NQMTCENIV =      0 
   PQMTCENIV =      0 
   LQMTCENCV = 0.0055 
   NQMTCENCV =      0 
   PQMTCENCV =      0 
   LQMTCENCVA =      0 
   NQMTCENCVA =      0 
   PQMTCENCVA =      0 
   LVSAT =      0 
   NVSAT =      0 
   PVSAT =      0 
   LVSAT1 =      0 
   NVSAT1 =      0 
   PVSAT1 =      0 
   LVSAT1R =      0 
   NVSAT1R =      0 
   PVSAT1R =      0 
   LPSAT =      0 
   NPSAT =      0 
   PPSAT =      0 
   LDELTAVSAT = 0.00493 
   NDELTAVSAT =      0 
   PDELTAVSAT =      0 
   LKSATIV = 0.01102 
   NKSATIV =      0 
   PKSATIV =      0 
   LVSATCV =      0 
   NVSATCV =      0 
   PVSATCV =      0 
   LMEXP = 0.004299 
   NMEXP =      0 
   PMEXP =      0 
   LPTWG = 0.1416 
   NPTWG =      0 
   PPTWG =      0 
   LPTWGR = 0.1416 
   NPTWGR =      0 
   PPTWGR =      0 
   LU0 = 0.0004424 
   NU0 =      0 
   PU0 =      0 
   LETAMOB = -0.0135 
   NETAMOB =      0 
   PETAMOB =      0 
   LUP =      0 
   NUP =      0 
   PUP =      0 
   LUA = 0.2031 
   NUA =      0 
   PUA =      0 
   LUC =      0 
   NUC =      0 
   PUC =      0 
   LEU = 0.02371 
   NEU =      0 
   PEU =      0 
   LUD = 0.06883 
   NUD =      0 
   PUD =      0 
   LUCS =      0 
   NUCS =      0 
   PUCS =      0 
   LPCLM = 0.00186 
   NPCLM =      0 
   PPCLM =      0 
   LPCLMG =      0 
   NPCLMG =      0 
   PPCLMG =      0 
   LPCLMCV =      0 
   NPCLMCV =      0 
   PPCLMCV =      0 
   LA1 =      0 
   NA1 =      0 
   PA1 =      0 
   LA2 =      0 
   NA2 =      0 
   PA2 =      0 
   LRDSW =      0 
   NRDSW =      0 
   PRDSW =      0 
   LRSW =      0 
   NRSW =      0 
   PRSW =      0 
   LRDW =      0 
   NRDW =      0 
   PRDW =      0 
   LPRWGS =      0 
   NPRWGS =      0 
   PPRWGS =      0 
   LPRWGD =      0 
   NPRWGD =      0 
   PPRWGD =      0 
   LWR =      0 
   NWR =      0 
   PWR =      0 
   LPDIBL1 =      0 
   NPDIBL1 =      0 
   PPDIBL1 =      0 
   LPDIBL1R =      0 
   NPDIBL1R =      0 
   PPDIBL1R =      0 
   LPDIBL2 =      0 
   NPDIBL2 =      0 
   PPDIBL2 =      0 
   LDROUT =      0 
   NDROUT =      0 
   PDROUT =      0 
   LPVAG =      0 
   NPVAG =      0 
   PPVAG =      0 
   LAIGBINV =      0 
   NAIGBINV =      0 
   PAIGBINV =      0 
   LBIGBINV =      0 
   NBIGBINV =      0 
   PBIGBINV =      0 
   LCIGBINV =      0 
   NCIGBINV =      0 
   PCIGBINV =      0 
   LEIGBINV =      0 
   NEIGBINV =      0 
   PEIGBINV =      0 
   LNIGBINV =      0 
   NNIGBINV =      0 
   PNIGBINV =      0 
   LAIGBACC =      0 
   NAIGBACC =      0 
   PAIGBACC =      0 
   LBIGBACC =      0 
   NBIGBACC =      0 
   PBIGBACC =      0 
   LCIGBACC =      0 
   NCIGBACC =      0 
   PCIGBACC =      0 
   LNIGBACC =      0 
   NNIGBACC =      0 
   PNIGBACC =      0 
   LAIGC =      0 
   NAIGC =      0 
   PAIGC =      0 
   LBIGC =      0 
   NBIGC =      0 
   PBIGC =      0 
   LCIGC =      0 
   NCIGC =      0 
   PCIGC =      0 
   LPIGCD =      0 
   NPIGCD =      0 
   PPIGCD =      0 
   LAIGS =  1e-05 
   NAIGS =      0 
   PAIGS =      0 
   LBIGS = -1e-06 
   NBIGS =      0 
   PBIGS =      0 
   LCIGS =      0 
   NCIGS =      0 
   PCIGS =      0 
   LAIGD =  1e-05 
   NAIGD =      0 
   PAIGD =      0 
   LBIGD = -1e-06 
   NBIGD =      0 
   PBIGD =      0 
   LCIGD =      0 
   NCIGD =      0 
   PCIGD =      0 
   LNTOX =      0 
   NNTOX =      0 
   PNTOX =      0 
   LPOXEDGE =      0 
   NPOXEDGE =      0 
   PPOXEDGE =      0 
   LAGISL =      0 
   NAGISL =      0 
   PAGISL =      0 
   LBGISL =      0 
   NBGISL =      0 
   PBGISL =      0 
   LCGISL =      0 
   NCGISL =      0 
   PCGISL =      0 
   LEGISL =      0 
   NEGISL =      0 
   PEGISL =      0 
   LPGISL =      0 
   NPGISL =      0 
   PPGISL =      0 
   LAGIDL =      0 
   NAGIDL =      0 
   PAGIDL =      0 
   LBGIDL =      0 
   NBGIDL =      0 
   PBGIDL =      0 
   LCGIDL =      0 
   NCGIDL =      0 
   PCGIDL =      0 
   LEGIDL =      0 
   NEGIDL =      0 
   PEGIDL =      0 
   LPGIDL =      0 
   NPGIDL =      0 
   PPGIDL =      0 
   LALPHA0 =      0 
   NALPHA0 =      0 
   PALPHA0 =      0 
   LALPHA1 =      0 
   NALPHA1 =      0 
   PALPHA1 =      0 
   LBETA0 =      0 
   NBETA0 =      0 
   PBETA0 =      0 
   LBETAII0 =      0 
   NBETAII0 =      0 
   PBETAII0 =      0 
   LBETAII1 =      0 
   NBETAII1 =      0 
   PBETAII1 =      0 
   LBETAII2 =      0 
   NBETAII2 =      0 
   PBETAII2 =      0 
   LESATII =      0 
   NESATII =      0 
   PESATII =      0 
   LLII =      0 
   NLII =      0 
   PLII =      0 
   LSII0 =      0 
   NSII0 =      0 
   PSII0 =      0 
   LSII1 =      0 
   NSII1 =      0 
   PSII1 =      0 
   LSII2 =      0 
   NSII2 =      0 
   PSII2 =      0 
   LSIID =      0 
   NSIID =      0 
   PSIID =      0 
   LCFS =      0 
   NCFS =      0 
   PCFS =      0 
   LCFD =      0 
   NCFD =      0 
   PCFD =      0 
   LCOVS =      0 
   NCOVS =      0 
   PCOVS =      0 
   LCOVD =      0 
   NCOVD =      0 
   PCOVD =      0 
   LCGSL =      0 
   NCGSL =      0 
   PCGSL =      0 
   LCGDL =      0 
   NCGDL =      0 
   PCGDL =      0 
   LCKAPPAS =      0 
   NCKAPPAS =      0 
   PCKAPPAS =      0 
   LCKAPPAD =      0 
   NCKAPPAD =      0 
   PCKAPPAD =      0 
   LCGBL =      0 
   NCGBL =      0 
   PCGBL =      0 
   LCKAPPAB =      0 
   NCKAPPAB =      0 
   PCKAPPAB =      0 
   LNTGEN =      0 
   NNTGEN =      0 
   PNTGEN =      0 
   LAIGEN =      0 
   NAIGEN =      0 
   PAIGEN =      0 
   LBIGEN =      0 
   NBIGEN =      0 
   PBIGEN =      0 
   LXRCRG1 =      0 
   NXRCRG1 =      0 
   PXRCRG1 =      0 
   LXRCRG2 =      0 
   NXRCRG2 =      0 
   PXRCRG2 =      0 
   LINTNOI = -1e-08 
   LUTE = 0.002868 
   NUTE =      0 
   PUTE =      0 
   LUTL =      0 
   NUTL =      0 
   PUTL =      0 
   LEMOBT =      0 
   NEMOBT =      0 
   PEMOBT =      0 
   LUA1 =      0 
   NUA1 =      0 
   PUA1 =      0 
   LUC1 =      0 
   NUC1 =      0 
   PUC1 =      0 
   LUD1 =      0 
   NUD1 =      0 
   PUD1 =      0 
   LUCSTE =      0 
   NUCSTE =      0 
   PUCSTE =      0 
   LPTWGT =      0 
   NPTWGT =      0 
   PPTWGT =      0 
   LAT = -2.719e-05 
   NAT =      0 
   PAT =      0 
   LSTTHETASAT =      0 
   NSTTHETASAT =      0 
   PSTTHETASAT =      0 
   LPRT =      0 
   NPRT =      0 
   PPRT =      0 
   LKT1 =      0 
   NKT1 =      0 
   PKT1 =      0 
   LTSS = -4.8e-06 
   NTSS =      0 
   PTSS =      0 
   LIIT =      0 
   NIIT =      0 
   PIIT =      0 
   LTII =      0 
   NTII =      0 
   PTII =      0 
   LTGIDL =      0 
   NTGIDL =      0 
   PTGIDL =      0 
   LIGT =      0 
   NIGT =      0 
   PIGT =      0 
   Imin =  1e-15 
   K01 =      0 
   K0SI1 =      0 
   K1SI =      1 
   K1SI1 =      0 
   K11 =      0 
   K1SAT1 =      0 
   DELTAVSATCV =  1.142 
   PSATCV =      2 
   APSATCV =      0 
   BPSATCV =      1 
   A11 =      0 
   A21 =      0 
   AIGBINV1 =      0 
   AIGBACC1 =      0 
   AIGC1 =      0 
   AIGS1 =      0 
   AIGD1 =      0 
   TOXG = 2.58e-09 
   ALPHA01 =      0 
   ALPHA11 =      0 
   ALPHAII0 =      0 
   ALPHAII01 =      0 
   ALPHAII1 =      0 
   ALPHAII11 =      0 
   LK01 =      0 
   NK01 =      0 
   PK01 =      0 
   LK0SI1 =      0 
   NK0SI1 =      0 
   PK0SI1 =      0 
   LK1SI =      0 
   NK1SI =      0 
   PK1SI =      0 
   LK1SI1 =      0 
   NK1SI1 =      0 
   PK1SI1 =      0 
   LK11 =      0 
   NK11 =      0 
   PK11 =      0 
   LK1SAT1 =      0 
   NK1SAT1 =      0 
   PK1SAT1 =      0 
   LPSATCV =      0 
   NPSATCV =      0 
   PPSATCV =      0 
   LDELTAVSATCV =      0 
   NDELTAVSATCV =      0 
   PDELTAVSATCV =      0 
   LA11 =      0 
   NA11 =      0 
   PA11 =      0 
   LA21 =      0 
   NA21 =      0 
   PA21 =      0 
   LAIGBINV1 =      0 
   NAIGBINV1 =      0 
   PAIGBINV1 =      0 
   LAIGBACC1 =      0 
   NAIGBACC1 =      0 
   PAIGBACC1 =      0 
   LAIGC1 =      0 
   NAIGC1 =      0 
   PAIGC1 =      0 
   LAIGS1 =      0 
   NAIGS1 =      0 
   PAIGS1 =      0 
   LAIGD1 =      0 
   NAIGD1 =      0 
   PAIGD1 =      0 
   LALPHAII0 =      0 
   NALPHAII0 =      0 
   PALPHAII0 =      0 
   LALPHAII1 =      0 
   NALPHAII1 =      0 
   PALPHAII1 =      0 
   CGEO1SW = 0 
   NBODYN1 =      0 
   NBODYN2 =  1e+05 
   PHIGL =      0 
   PHIGN1 =      0 
   PHIGN2 =  1e+05 
   CDSCN1 =      0 
   CDSCN2 =  1e+05 
   CDSCDN1 =      0 
   CDSCDN2 =  1e+05 
   CDSCDRN1 =      0 
   CDSCDRN2 =  1e+05 
   DVT1SS =      1 
   ETA0N1 =      0 
   ETA0N2 =  1e+05 
   TETA0 = -0.0008453 
   TETA0R = -0.0008453 
   DVTP0 =      0 
   DVTP1 =  1.091 
   VSATN1 =      0 
   VSATN2 =  1e+05 
   VSAT1N1 =      0 
   VSAT1N2 =  1e+05 
   VSAT1RN1 =      0 
   VSAT1RN2 =  1e+05 
   MEXPR =  5.211 
   AMEXPR =      0 
   BMEXPR =      1 
   TMEXPR =      0 
   U0N1 =      0 
   U0N2 =  1e+05 
   CHARGEWF =      0 
   LDVT1SS =      0 
   NDVT1SS =      0 
   PDVT1SS =      0 
   LMEXPR =      0 
   NMEXPR =      0 
   PMEXPR =      0 
  TEMPMOD = 0 
  THETASCE =      0 
  THETADIBL =      0 
  THETASW =      0 
  NVTM =      0 
  ATCV =      0 
  TNOIMOD = 0 
  TNOIA =    1.5 
  TNOIB =    3.5 
  RNOIA =  0.577 
  RNOIB =   0.37 
  TNOIC =    3.5 
  RNOIC =  0.395 
  SCALEN =  1e+05 
  LATCV =      0 
  NATCV =      0 
  PATCV =      0 
  TYPE = 0 
  CITR = 0.0003025 
  DVTSHIFTR =      0 
  VSATR = 6.134e+04 
  VSATRN1 =      0 
  VSATRN2 =  1e+05 
  KSATIVR = 0.7538 
  ATR =      0 
  U0R =  0.057 
  U0N1R =      0 
  U0N2R =  1e+05 
  UPR = -4e-09 
  LPAR =      1 
  UAR =  1.351 
  AUAR =      0 
  BUAR =  1e-07 
  UCR =      0 
  EUR =   1.31 
  AEUR =      0 
  BEUR =  1e-07 
  UDR = 0.4779 
  AUDR =      0 
  BUDR =  5e-08 
  UTER = -0.7103 
  UTLR =      0 
  UA1R =      0 
  UC1R = 5.6e-11 
  UD1R =      0 
  PDIBL2R =      0 
  PCLMR = 0.0635 
  APCLMR =      0 
  BPCLMR = 1.196e-07 
  LCITR = 3.71e-05 
  NCITR =      0 
  PCITR =      0 
  LDVTSHIFTR =      0 
  NDVTSHIFTR =      0 
  PDVTSHIFTR =      0 
  LVSATR =      0 
  NVSATR =      0 
  PVSATR =      0 
  LKSATIVR = 0.01102 
  NKSATIVR =      0 
  PKSATIVR =      0 
  LU0R = 0.0004424 
  NU0R =      0 
  PU0R =      0 
  LUAR = 0.2031 
  NUAR =      0 
  PUAR =      0 
  LUCR =      0 
  NUCR =      0 
  PUCR =      0 
  LEUR = 0.02371 
  NEUR =      0 
  PEUR =      0 
  LUDR = 0.06883 
  NUDR =      0 
  PUDR =      0 
  LPCLMR = 0.00186 
  NPCLMR =      0 
  PPCLMR =      0 
  LPDIBL2R =      0 
  NPDIBL2R =      0 
  PPDIBL2R =      0 
  LUTER = 0.002868 
  NUTER =      0 
  PUTER =      0 
  LUTLR =      0 
  NUTLR =      0 
  PUTLR =      0 
  LUA1R =      0 
  NUA1R =      0 
  PUA1R =      0 
  LUC1R =      0 
  NUC1R =      0 
  PUC1R =      0 
  LUD1R =      0 
  NUD1R =      0 
  PUD1R =      0 
  LATR = -2.719e-05 
  NATR =      0 
  PATR =      0 
   Lmin =      0 m
   Lmax = 1.61e-08 m
   NFINmin =      1 
   NFINmax =   1000 
  UPDATE = 1 
  
      
 **info** set option symb=1 internally to help for convergence.
 *****************************************************************
 ******  option summary
 ******
 runlvl  = 3         bypass  = 2.0000    
 lic: Checkin 7 hspice token(s) 
  Opening plot unit= 15
 file=outputs/fivetota/five_transistor_ota.pa0

 ******  
 *********************************************

 ****** operating point information tnom=  25.000 temp=  25.000 ******
 ****** operating point status is voltage   simulation time is     0.     
    node    =voltage      node    =voltage      node    =voltage

 +0:c       =   0.6000  0:is      =   0.4434  0:vdd     =   1.2000 
 +0:vin_p   =   0.7500  0:vout    =   0.7564  1:nx0     =   0.8277 
 +1:ny      =   0.3942 

 ******
 *********************************************

 ****** transient analysis tnom=  25.000 temp=  25.000 ******
 max_v=   0.7564    at= 5.0000e-08
             from=   0.            to= 1.0000e-06
 min_v=   0.4792    at= 6.5100e-07
             from=   0.            to= 1.0000e-06
 del=   0.2772
 vout10=   0.5069
 vout90=   0.7287
 t10= 2.5829e-07
 t90= 3.4232e-07
 slew_rate= 2.6385e+06

          ***** job concluded
 ******  
 *********************************************

 ****** job statistics summary tnom=  25.000 temp=  25.000 ******
  
 ******  Machine Information  ******
 CPU:
 model name	: Intel(R) Xeon(R) CPU E5-2640 v3 @ 2.60GHz
 cpu MHz	: 1200.024
 CPU(s)		: 32
  
 OS:
 Linux version 3.10.0-1160.92.1.el7.x86_64 (mockbuild@x86-040.build.eng.bos.redhat.com) (gcc version 4.8.5 20150623 (Red Hat 4.8.5-44) (GCC) ) #1 SMP Thu May 18 11:23:40 UTC 2023

 System loadavg : 2.51 2.41 2.38 2/6117 16070


  ******  PrimeSim HSPICE Threads Information  ******

  Command Line Threads Count :    16
  Available CPU Count        :    32
  Actual Threads Count       :     1


  ******  Circuit Statistics  ******
  # nodes       =       8 # elements   =      17
  # resistors   =       0 # capacitors =       7 # inductors   =       0
  # mutual_inds =       0 # vccs       =       0 # vcvs        =       0
  # cccs        =       0 # ccvs       =       0 # volt_srcs   =       3
  # curr_srcs   =       1 # diodes     =       0 # bjts        =       0
  # jfets       =       0 # mosfets    =       6 # U elements  =       0
  # T elements  =       0 # W elements =       0 # B elements  =       0
  # S elements  =       0 # P elements =       0 # va device   =       0
  # vector_srcs =       0 # N elements =       0


  ******  Runtime Statistics (seconds)  ******

  analysis           time    # points   tot. iter  conv.iter
  op point           0.01           1          12
  transient          0.04        1001         248          91 rev=         5
  readin             1.38
  errchk             0.50
  setup              0.01
  output             0.00


           peak memory used        556.60 megabytes
           total cpu time            1.94 seconds
           total elapsed time        2.09 seconds
           job started at     16:05:32 09/29/2024
           job ended   at     16:05:34 09/29/2024
           job total runtime         2.09 seconds


 lic: Release hspice token(s) 
 lic: total license checkout elapse time:        0.15(s)
