 - - - -2024-09-29 16:01:55.613743 - - - - - -
 iteration 1 ----
 Gain   [21.6391511]
 UGF    [5009218.09751729]
 BW     [414774.82222838]
 Power  [7.95140044e-05]
 CMRR   [44.94450648]
 SR     [3.31299099]
 
 TEs     [15, 19, 15]
 Fins    [19.52857606011536, 18.05376094911511, 9.273622303546713]
 Is      [7.75167884e-05]
--------------------
 iteration 2 ----
 Gain   [21.6391511]
 UGF    [5009218.09751729]
 BW     [414774.82222838]
 Power  [7.95140044e-05]
 CMRR   [44.94450648]
 SR     [3.31299099]
 
 TEs     [15. 19. 15.]
 Fins    [19.52857606011536, 18.05376094911511, 9.273622303546713]
 Is      [7.75167884e-05]
--------------------
 iteration 3 ----
 Gain   [21.64334141]
 UGF    [5006802.11091181]
 BW     [414374.81897548]
 Power  [7.94373216e-05]
 CMRR   [44.94943655]
 SR     [3.309796]
 
 TEs     [14.99924582 19.00916833 15.00127756]
 Fins    [19.519157135182713, 18.04505334961537, 9.269149496514498]
 Is      [7.74794008e-05]
--------------------
 iteration 4 ----
 Gain   [21.90666612]
 UGF    [5002332.15381855]
 BW     [401642.09123218]
 Power  [7.41598374e-05]
 CMRR   [45.74551847]
 SR     [3.08989812]
 
 TEs     [14.72997123 20.34377125 15.43870219]
 Fins    [17.196377870890537, 21.1477517585504, 9.349551083239495]
 Is      [7.16594078e-05]
--------------------
 iteration 5 ----
 Gain   [21.90666612]
 UGF    [5002332.15381855]
 BW     [401642.09123218]
 Power  [7.41598374e-05]
 CMRR   [45.74551847]
 SR     [3.08989812]
 
 TEs     [14.72997123 20.34377125 15.43870219]
 Fins    [17.196377870890537, 21.1477517585504, 9.349551083239495]
 Is      [7.16594078e-05]
--------------------
 iteration 6 ----
 Gain   [21.76957316]
 UGF    [4992290.99943886]
 BW     [407212.62492736]
 Power  [7.5707422e-05]
 CMRR   [45.7013476]
 SR     [3.15438049]
 
 TEs     [14.56510992 19.88791573 15.70499191]
 Fins    [17.050102411770695, 19.828521065346074, 10.075893388626255]
 Is      [7.36454295e-05]
--------------------
 iteration 7 ----
 Gain   [21.76957316]
 UGF    [4992290.99943886]
 BW     [407212.62492736]
 Power  [7.5707422e-05]
 CMRR   [45.7013476]
 SR     [3.15438049]
 
 TEs     [14.56510992 19.88791573 15.70499191]
 Fins    [17.050102411770695, 19.828521065346074, 10.075893388626255]
 Is      [7.36454295e-05]
--------------------
 iteration 8 ----
 Gain   [21.76957316]
 UGF    [4992290.99943886]
 BW     [407212.62492736]
 Power  [7.5707422e-05]
 CMRR   [45.7013476]
 SR     [3.15438049]
 
 TEs     [14.56510992 19.88791573 15.70499191]
 Fins    [17.050102411770695, 19.828521065346074, 10.075893388626255]
 Is      [7.36454295e-05]
--------------------
 iteration 9 ----
 Gain   [21.649543]
 UGF    [5010108.97056951]
 BW     [414352.55581394]
 Power  [7.66960339e-05]
 CMRR   [45.83743741]
 SR     [3.19556925]
 
 TEs     [14.29140938 19.70164367 16.14501979]
 Fins    [16.447778953079943, 19.603505743806473, 11.018665904143582]
 Is      [7.44693689e-05]
--------------------
 iteration 10 ----
 Gain   [21.36866731]
 UGF    [5007412.05673462]
 BW     [427740.09843661]
 Power  [7.65335137e-05]
 CMRR   [46.73824106]
 SR     [3.18878314]
 
 TEs     [12.99091488 19.73294565 18.2325375 ]
 Fins    [13.04544444966216, 19.544949943039658, 15.987547080727998]
 Is      [7.4648651e-05]
--------------------
 iteration 11 ----
 Gain   [21.36866731]
 UGF    [5007412.05673462]
 BW     [427740.09843661]
 Power  [7.65335137e-05]
 CMRR   [46.73824106]
 SR     [3.18878314]
 
 TEs     [12.99091488 19.73294565 18.2325375 ]
 Fins    [13.04544444966216, 19.544949943039658, 15.987547080727998]
 Is      [7.4648651e-05]
--------------------
 iteration 12 ----
 Gain   [21.36866731]
 UGF    [5007412.05673462]
 BW     [427740.09843661]
 Power  [7.65335137e-05]
 CMRR   [46.73824106]
 SR     [3.18878314]
 
 TEs     [12.99091488 19.73294565 18.2325375 ]
 Fins    [13.04544444966216, 19.544949943039658, 15.987547080727998]
 Is      [7.4648651e-05]
--------------------
 iteration 13 ----
 Gain   [21.36866731]
 UGF    [5007412.05673462]
 BW     [427740.09843661]
 Power  [7.65335137e-05]
 CMRR   [46.73824106]
 SR     [3.18878314]
 
 TEs     [12.99091488 19.73294565 18.2325375 ]
 Fins    [13.04544444966216, 19.544949943039658, 15.987547080727998]
 Is      [7.4648651e-05]
--------------------
 iteration 14 ----
 Gain   [21.36866731]
 UGF    [5007412.05673462]
 BW     [427740.09843661]
 Power  [7.65335137e-05]
 CMRR   [46.73824106]
 SR     [3.18878314]
 
 TEs     [12.99091488 19.73294565 18.2325375 ]
 Fins    [13.04544444966216, 19.544949943039658, 15.987547080727998]
 Is      [7.4648651e-05]
--------------------
 iteration 15 ----
 Gain   [21.36866731]
 UGF    [5007412.05673462]
 BW     [427740.09843661]
 Power  [7.65335137e-05]
 CMRR   [46.73824106]
 SR     [3.18878314]
 
 TEs     [12.99091488 19.73294565 18.2325375 ]
 Fins    [13.04544444966216, 19.544949943039658, 15.987547080727998]
 Is      [7.4648651e-05]
--------------------
 iteration 16 ----
 Gain   [21.36866731]
 UGF    [5007412.05673462]
 BW     [427740.09843661]
 Power  [7.65335137e-05]
 CMRR   [46.73824106]
 SR     [3.18878314]
 
 TEs     [12.99091488 19.73294565 18.2325375 ]
 Fins    [13.04544444966216, 19.544949943039658, 15.987547080727998]
 Is      [7.4648651e-05]
--------------------
 iteration 17 ----
 Gain   [21.36866731]
 UGF    [5007412.05673462]
 BW     [427740.09843661]
 Power  [7.65335137e-05]
 CMRR   [46.73824106]
 SR     [3.18878314]
 
 TEs     [12.99091488 19.73294565 18.2325375 ]
 Fins    [13.04544444966216, 19.544949943039658, 15.987547080727998]
 Is      [7.4648651e-05]
--------------------
 iteration 18 ----
 Gain   [21.36866731]
 UGF    [5007412.05673462]
 BW     [427740.09843661]
 Power  [7.65335137e-05]
 CMRR   [46.73824106]
 SR     [3.18878314]
 
 TEs     [12.99091488 19.73294565 18.2325375 ]
 Fins    [13.04544444966216, 19.544949943039658, 15.987547080727998]
 Is      [7.4648651e-05]
--------------------
 iteration 19 ----
 Gain   [21.36866731]
 UGF    [5007412.05673462]
 BW     [427740.09843661]
 Power  [7.65335137e-05]
 CMRR   [46.73824106]
 SR     [3.18878314]
 
 TEs     [12.99091488 19.73294565 18.2325375 ]
 Fins    [13.04544444966216, 19.544949943039658, 15.987547080727998]
 Is      [7.4648651e-05]
--------------------
 iteration 20 ----
 Gain   [21.4147458]
 UGF    [4994701.81957313]
 BW     [424396.97150757]
 Power  [7.57813254e-05]
 CMRR   [46.82196304]
 SR     [3.15744293]
 
 TEs     [12.98186764 19.87822423 18.25701333]
 Fins    [12.80612158253754, 19.72577962476261, 15.870703573307846]
 Is      [7.40624615e-05]
--------------------
 iteration 21 ----
 Gain   [21.4147458]
 UGF    [4994701.81957313]
 BW     [424396.97150757]
 Power  [7.57813254e-05]
 CMRR   [46.82196304]
 SR     [3.15744293]
 
 TEs     [12.98186764 19.87822423 18.25701333]
 Fins    [12.80612158253754, 19.72577962476261, 15.870703573307846]
 Is      [7.40624615e-05]
--------------------
 iteration 22 ----
 Gain   [21.4147458]
 UGF    [4994701.81957313]
 BW     [424396.97150757]
 Power  [7.57813254e-05]
 CMRR   [46.82196304]
 SR     [3.15744293]
 
 TEs     [12.98186764 19.87822423 18.25701333]
 Fins    [12.80612158253754, 19.72577962476261, 15.870703573307846]
 Is      [7.40624615e-05]
--------------------
 iteration 23 ----
 Gain   [21.44161345]
 UGF    [5006980.75559204]
 BW     [424126.34468873]
 Power  [7.54257143e-05]
 CMRR   [46.89919741]
 SR     [3.14262518]
 
 TEs     [12.97984111 20.0210442  18.26243126]
 Fins    [12.694960705053315, 20.248832450109482, 15.757491968118043]
 Is      [7.34195777e-05]
--------------------
 iteration 24 ----
 Gain   [21.48310543]
 UGF    [4997022.74064128]
 BW     [421265.65574017]
 Power  [7.47645983e-05]
 CMRR   [46.96716599]
 SR     [3.11507945]
 
 TEs     [12.97753291 20.15791158 18.26861435]
 Fins    [12.598988060014815, 20.45180969129527, 15.650502849607907]
 Is      [7.2864533e-05]
--------------------
 iteration 25 ----
 Gain   [21.52054649]
 UGF    [4989451.17454677]
 BW     [418818.10983098]
 Power  [7.41788659e-05]
 CMRR   [47.03140433]
 SR     [3.09067452]
 
 TEs     [12.97479446 20.28629739 18.27596775]
 Fins    [12.509576445727081, 20.668123936923234, 15.55145613953522]
 Is      [7.23474331e-05]
--------------------
 iteration 26 ----
 Gain   [21.52054649]
 UGF    [4989451.17454677]
 BW     [418818.10983098]
 Power  [7.41788659e-05]
 CMRR   [47.03140433]
 SR     [3.09067452]
 
 TEs     [12.97479446 20.28629739 18.27596775]
 Fins    [12.509576445727081, 20.668123936923234, 15.55145613953522]
 Is      [7.23474331e-05]
--------------------
 iteration 27 ----
 Gain   [21.52054649]
 UGF    [4989451.17454677]
 BW     [418818.10983098]
 Power  [7.41788659e-05]
 CMRR   [47.03140433]
 SR     [3.09067452]
 
 TEs     [12.97479446 20.28629739 18.27596775]
 Fins    [12.509576445727081, 20.668123936923234, 15.55145613953522]
 Is      [7.23474331e-05]
--------------------
 iteration 28 ----
 Gain   [21.52792223]
 UGF    [4999204.61471003]
 BW     [419280.63155714]
 Power  [7.41094052e-05]
 CMRR   [47.06215997]
 SR     [3.08777974]
 
 TEs     [12.97454035 20.34500509 18.27661858]
 Fins    [12.463867892018328, 20.960856936729368, 15.506581887882598]
 Is      [7.20830839e-05]
--------------------
 iteration 29 ----
 Gain   [21.52792223]
 UGF    [4999204.61471003]
 BW     [419280.63155714]
 Power  [7.41094052e-05]
 CMRR   [47.06215997]
 SR     [3.08777974]
 
 TEs     [12.97454035 20.34500509 18.27661858]
 Fins    [12.463867892018328, 20.960856936729368, 15.506581887882598]
 Is      [7.20830839e-05]
--------------------
 iteration 30 ----
 Gain   [21.54454319]
 UGF    [4989647.58928923]
 BW     [417679.07031434]
 Power  [7.38263204e-05]
 CMRR   [47.07901458]
 SR     [3.07598518]
 
 TEs     [12.97434963 20.38397372 18.27711022]
 Fins    [12.440040102198282, 20.920785034663055, 15.476937191930036]
 Is      [7.19452791e-05]
--------------------
 iteration 31 ----
 Gain   [21.54454319]
 UGF    [4989647.58928923]
 BW     [417679.07031434]
 Power  [7.38263204e-05]
 CMRR   [47.07901458]
 SR     [3.07598518]
 
 TEs     [12.97434963 20.38397372 18.27711022]
 Fins    [12.440040102198282, 20.920785034663055, 15.476937191930036]
 Is      [7.19452791e-05]
--------------------
 iteration 32 ----
 Gain   [21.53319294]
 UGF    [5008536.45831565]
 BW     [419808.46610392]
 Power  [7.40786235e-05]
 CMRR   [47.09055659]
 SR     [3.08649649]
 
 TEs     [12.97430943 20.39145314 18.27721432]
 Fins    [12.425923338162427, 21.25745685082334, 15.471260380834757]
 Is      [7.18636367e-05]
--------------------
 iteration 33 ----
 Gain   [21.55210804]
 UGF    [4999329.9571206]
 BW     [418125.25450696]
 Power  [7.37543526e-05]
 CMRR   [47.10982203]
 SR     [3.07298594]
 
 TEs     [12.97402492 20.44345831 18.27795153]
 Fins    [12.394314539292449, 21.21838115901251, 15.431904918521465]
 Is      [7.16808315e-05]
--------------------
 iteration 34 ----
 Gain   [21.55830702]
 UGF    [5008152.88875841]
 BW     [418564.34226521]
 Power  [7.37084044e-05]
 CMRR   [47.1390218]
 SR     [3.07107077]
 
 TEs     [12.9737162  20.49230493 18.27875614]
 Fins    [12.3552983170082, 21.51808097335699, 15.395120227367947]
 Is      [7.14551865e-05]
--------------------
 iteration 35 ----
 Gain   [21.55830702]
 UGF    [5008152.88875841]
 BW     [418564.34226521]
 Power  [7.37084044e-05]
 CMRR   [47.1390218]
 SR     [3.07107077]
 
 TEs     [12.9737162  20.49230493 18.27875614]
 Fins    [12.3552983170082, 21.51808097335699, 15.395120227367947]
 Is      [7.14551865e-05]
--------------------
 iteration 36 ----
 Gain   [21.5589313]
 UGF    [5009492.69768209]
 BW     [418646.22818886]
 Power  [7.36953623e-05]
 CMRR   [47.13973013]
 SR     [3.07052737]
 
 TEs     [12.97364871 20.50141461 18.27893301]
 Fins    [12.34980954153009, 21.5238375042596, 15.388281027194996]
 Is      [7.14234429e-05]
--------------------
 iteration 37 ----
 Gain   [21.5589313]
 UGF    [5009492.69768209]
 BW     [418646.22818886]
 Power  [7.36953623e-05]
 CMRR   [47.13973013]
 SR     [3.07052737]
 
 TEs     [12.97364871 20.50141461 18.27893301]
 Fins    [12.34980954153009, 21.5238375042596, 15.388281027194996]
 Is      [7.14234429e-05]
--------------------
 iteration 38 ----
 Gain   [21.56159472]
 UGF    [5007956.85180028]
 BW     [418389.56314669]
 Power  [7.36501804e-05]
 CMRR   [47.14245352]
 SR     [3.0686449]
 
 TEs     [12.97360059 20.50770207 18.27905921]
 Fins    [12.346023169528113, 21.5172384344175, 15.38356307942066]
 Is      [7.14015449e-05]
--------------------
 iteration 39 ----
 Gain   [21.58005935]
 UGF    [4997322.25749641]
 BW     [416614.50719432]
 Power  [7.33377095e-05]
 CMRR   [47.16134363]
 SR     [3.05562599]
 
 TEs     [12.97325945 20.55134411 18.27995465]
 Fins    [12.319805351357703, 21.471544769578497, 15.350894789875834]
 Is      [7.12499178e-05]
--------------------
 iteration 40 ----
 Gain   [21.58264438]
 UGF    [5008245.59586092]
 BW     [417400.91707192]
 Power  [7.33534135e-05]
 CMRR   [47.18679716]
 SR     [3.05627952]
 
 TEs     [12.97288357 20.5918579  18.28094583]
 Fins    [12.28617334673801, 21.78567503791923, 15.320692164694051]
 Is      [7.10554116e-05]
--------------------
 iteration 41 ----
 Gain   [21.58264438]
 UGF    [5008245.59586092]
 BW     [417400.91707192]
 Power  [7.33534135e-05]
 CMRR   [47.18679716]
 SR     [3.05627952]
 
 TEs     [12.97288357 20.5918579  18.28094583]
 Fins    [12.28617334673801, 21.78567503791923, 15.320692164694051]
 Is      [7.10554116e-05]
--------------------
 iteration 42 ----
 Gain   [21.58253244]
 UGF    [5010018.37073823]
 BW     [417554.04622855]
 Power  [7.3352749e-05]
 CMRR   [47.18679019]
 SR     [3.05625182]
 
 TEs     [12.97280014 20.59933339 18.28116676]
 Fins    [12.281715947798874, 21.79338647222652, 15.31513384844094]
 Is      [7.10296329e-05]
--------------------
 iteration 43 ----
 Gain   [21.58253244]
 UGF    [5010018.37073823]
 BW     [417554.04622855]
 Power  [7.3352749e-05]
 CMRR   [47.18679019]
 SR     [3.05625182]
 
 TEs     [12.97280014 20.59933339 18.28116676]
 Fins    [12.281715947798874, 21.79338647222652, 15.31513384844094]
 Is      [7.10296329e-05]
--------------------
 iteration 44 ----
 Gain   [21.58470362]
 UGF    [5008766.20047618]
 BW     [417345.34994956]
 Power  [7.33160864e-05]
 CMRR   [47.18903646]
 SR     [3.0547243]
 
 TEs     [12.9727405  20.60448319 18.2813248 ]
 Fins    [12.278646273839339, 21.787939465372737, 15.311306006487817]
 Is      [7.10118798e-05]
--------------------
 iteration 45 ----
 Gain   [21.599737]
 UGF    [5000104.70833845]
 BW     [415903.18784729]
 Power  [7.30627356e-05]
 CMRR   [47.20460356]
 SR     [3.0441686]
 
 TEs     [12.97231678 20.64017592 18.28244816]
 Fins    [12.257412775037384, 21.750261518128603, 15.284828120367926]
 Is      [7.08890788e-05]
--------------------
 iteration 46 ----
 Gain   [21.599737]
 UGF    [5000104.70833845]
 BW     [415903.18784729]
 Power  [7.30627356e-05]
 CMRR   [47.20460356]
 SR     [3.0441686]
 
 TEs     [12.97231678 20.64017592 18.28244816]
 Fins    [12.257412775037384, 21.750261518128603, 15.284828120367926]
 Is      [7.08890788e-05]
--------------------
 iteration 47 ----
 Gain   [21.60249685]
 UGF    [4998516.24268836]
 BW     [415638.97483593]
 Power  [7.30163201e-05]
 CMRR   [47.20748315]
 SR     [3.04223473]
 
 TEs     [12.97222205 20.64673517 18.28270019]
 Fins    [12.253518679021358, 21.74335160913886, 15.279972235249137]
 Is      [7.08665578e-05]
--------------------
 iteration 48 ----
 Gain   [21.61028325]
 UGF    [5004744.26707382]
 BW     [415783.95696245]
 Power  [7.29474855e-05]
 CMRR   [47.23830724]
 SR     [3.03936601]
 
 TEs     [12.97154389 20.69196853 18.28450531]
 Fins    [12.217417104981923, 22.042538259346152, 15.246570303807339]
 Is      [7.06577693e-05]
--------------------
 iteration 49 ----
 Gain   [21.60946205]
 UGF    [5001451.8978965]
 BW     [415549.71983968]
 Power  [7.27593881e-05]
 CMRR   [47.23851015]
 SR     [3.0315284]
 
 TEs     [12.9707371  20.73181786 18.28666128]
 Fins    [12.193934593504675, 22.016032099256904, 15.45216044110603]
 Is      [7.05219614e-05]
--------------------
 iteration 50 ----
 Gain   [21.60946205]
 UGF    [5001451.8978965]
 BW     [415549.71983968]
 Power  [7.27593881e-05]
 CMRR   [47.23851015]
 SR     [3.0315284]
 
 TEs     [12.9707371  20.73181786 18.28666128]
 Fins    [12.193934593504675, 22.016032099256904, 15.45216044110603]
 Is      [7.05219614e-05]
--------------------
 iteration 51 ----
 Gain   [21.61238045]
 UGF    [4999771.74375114]
 BW     [415270.57133174]
 Power  [7.2710511e-05]
 CMRR   [47.2416769]
 SR     [3.02949196]
 
 TEs     [12.97054205 20.73878478 18.28718414]
 Fins    [12.189838158104799, 22.008636024383396, 15.446969435975557]
 Is      [7.04982702e-05]
--------------------
 iteration 52 ----
 Gain   [21.61238045]
 UGF    [4999771.74375114]
 BW     [415270.57133174]
 Power  [7.2710511e-05]
 CMRR   [47.2416769]
 SR     [3.02949196]
 
 TEs     [12.97054205 20.73878478 18.28718414]
 Fins    [12.189838158104799, 22.008636024383396, 15.446969435975557]
 Is      [7.04982702e-05]
--------------------
 iteration 53 ----
 Gain   [21.61437043]
 UGF    [4998626.41383146]
 BW     [415080.33473164]
 Power  [7.26772017e-05]
 CMRR   [47.24384751]
 SR     [3.02810416]
 
 TEs     [12.97040027 20.74353669 18.28756443]
 Fins    [12.187045694101295, 22.003594257374914, 15.443430824096243]
 Is      [7.04821203e-05]
--------------------
 iteration 54 ----
 Gain   [21.6280552]
 UGF    [4990757.27166857]
 BW     [413774.46720601]
 Power  [7.24485525e-05]
 CMRR   [47.25883119]
 SR     [3.01857764]
 
 TEs     [12.96938091 20.77624425 18.29029941]
 Fins    [12.167859697988082, 21.96895412518085, 15.419118319556343]
 Is      [7.03711607e-05]
--------------------
 iteration 55 ----
 Gain   [21.6280552]
 UGF    [4990757.27166857]
 BW     [413774.46720601]
 Power  [7.24485525e-05]
 CMRR   [47.25883119]
 SR     [3.01857764]
 
 TEs     [12.96938091 20.77624425 18.29029941]
 Fins    [12.167859697988082, 21.96895412518085, 15.419118319556343]
 Is      [7.03711607e-05]
--------------------
 iteration 56 ----
 Gain   [21.63043692]
 UGF    [4989388.9783819]
 BW     [413547.61180068]
 Power  [7.24088315e-05]
 CMRR   [47.2615338]
 SR     [3.01692269]
 
 TEs     [12.96912964 20.781942   18.29097514]
 Fins    [12.164523620419917, 21.962930869088808, 15.41489084027704]
 Is      [7.0351867e-05]
--------------------
 iteration 57 ----
 Gain   [21.63043692]
 UGF    [4989388.9783819]
 BW     [413547.61180068]
 Power  [7.24088315e-05]
 CMRR   [47.2615338]
 SR     [3.01692269]
 
 TEs     [12.96912964 20.781942   18.29097514]
 Fins    [12.164523620419917, 21.962930869088808, 15.41489084027704]
 Is      [7.0351867e-05]
--------------------
 iteration 58 ----
 Gain   [21.63206024]
 UGF    [4988456.60156654]
 BW     [413393.0645539]
 Power  [7.23817713e-05]
 CMRR   [47.2633914]
 SR     [3.01579524]
 
 TEs     [12.96894625 20.78582633 18.2914685 ]
 Fins    [12.162250364109505, 21.958826526596557, 15.412010168664207]
 Is      [7.03387199e-05]
--------------------
 iteration 59 ----
 Gain   [21.62545545]
 UGF    [5006402.63335004]
 BW     [415195.84789944]
 Power  [7.25489054e-05]
 CMRR   [47.28044233]
 SR     [3.02275798]
 
 TEs     [12.96762403 20.81254784 18.29502659]
 Fins    [12.137405624195907, 22.3150997072946, 15.392224015057748]
 Is      [7.01950338e-05]
--------------------
 iteration 60 ----
 Gain   [21.62545545]
 UGF    [5006402.63335004]
 BW     [415195.84789944]
 Power  [7.25489054e-05]
 CMRR   [47.28044233]
 SR     [3.02275798]
 
 TEs     [12.96762403 20.81254784 18.29502659]
 Fins    [12.137405624195907, 22.3150997072946, 15.392224015057748]
 Is      [7.01950338e-05]
--------------------
 iteration 61 ----
 Gain   [21.62739464]
 UGF    [5005285.05427886]
 BW     [415010.49932893]
 Power  [7.25165183e-05]
 CMRR   [47.28280904]
 SR     [3.02140859]
 
 TEs     [12.96729    20.81719491 18.2959271 ]
 Fins    [12.134696134004708, 22.310118202544356, 15.388787936435937]
 Is      [7.01793638e-05]
--------------------
 iteration 62 ----
 Gain   [21.64061797]
 UGF    [4997670.92112988]
 BW     [413748.80977912]
 Power  [7.22960557e-05]
 CMRR   [47.29916971]
 SR     [3.01222316]
 
 TEs     [12.96483897 20.84891099 18.30253678]
 Fins    [12.11623621573259, 22.276178913573933, 15.36537772785086]
 Is      [7.00726034e-05]
--------------------
 iteration 63 ----
 Gain   [21.64061797]
 UGF    [4997670.92112988]
 BW     [413748.80977912]
 Power  [7.22960557e-05]
 CMRR   [47.29916971]
 SR     [3.01222316]
 
 TEs     [12.96483897 20.84891099 18.30253678]
 Fins    [12.11623621573259, 22.276178913573933, 15.36537772785086]
 Is      [7.00726034e-05]
--------------------
 iteration 64 ----
 Gain   [21.64061797]
 UGF    [4997670.92112988]
 BW     [413748.80977912]
 Power  [7.22960557e-05]
 CMRR   [47.29916971]
 SR     [3.01222316]
 
 TEs     [12.96483897 20.84891099 18.30253678]
 Fins    [12.11623621573259, 22.276178913573933, 15.36537772785086]
 Is      [7.00726034e-05]
--------------------
 iteration 65 ----
 Gain   [21.64610342]
 UGF    [4994515.7410249]
 BW     [413226.54785136]
 Power  [7.22047977e-05]
 CMRR   [47.30490833]
 SR     [3.00842096]
 
 TEs     [12.96463884 20.86208198 18.30307025]
 Fins    [12.108586708813256, 22.262114992922196, 15.355676896573343]
 Is      [7.00283635e-05]
--------------------
 iteration 66 ----
 Gain   [21.64610342]
 UGF    [4994515.7410249]
 BW     [413226.54785136]
 Power  [7.22047977e-05]
 CMRR   [47.30490833]
 SR     [3.00842096]
 
 TEs     [12.96463884 20.86208198 18.30307025]
 Fins    [12.108586708813256, 22.262114992922196, 15.355676896573343]
 Is      [7.00283635e-05]
--------------------
 iteration 67 ----
 Gain   [21.64957237]
 UGF    [4992521.46214049]
 BW     [412896.6144917]
 Power  [7.21471464e-05]
 CMRR   [47.30857675]
 SR     [3.00601896]
 
 TEs     [12.96448161 20.8704155  18.30349058]
 Fins    [12.10375172339744, 22.25322568123749, 15.349545340874041]
 Is      [7.0000401e-05]
--------------------
 iteration 68 ----
 Gain   [21.64957237]
 UGF    [4992521.46214049]
 BW     [412896.6144917]
 Power  [7.21471464e-05]
 CMRR   [47.30857675]
 SR     [3.00601896]
 
 TEs     [12.96448161 20.8704155  18.30349058]
 Fins    [12.10375172339744, 22.25322568123749, 15.349545340874041]
 Is      [7.0000401e-05]
--------------------
 iteration 69 ----
 Gain   [21.65183563]
 UGF    [4991220.75678886]
 BW     [412681.4968864]
 Power  [7.21095577e-05]
 CMRR   [47.31099165]
 SR     [3.00445285]
 
 TEs     [12.96436229 20.87585435 18.30381012]
 Fins    [12.100598257066043, 22.24742790881498, 15.345546227579181]
 Is      [6.99821634e-05]
--------------------
 iteration 70 ----
 Gain   [21.64915762]
 UGF    [5006920.840335]
 BW     [414107.25976599]
 Power  [7.22107566e-05]
 CMRR   [47.33119401]
 SR     [3.00866843]
 
 TEs     [12.96347839 20.91217351 18.30617968]
 Fins    [12.070426620286659, 22.600106143215157, 15.3188963764492]
 Is      [6.98076698e-05]
--------------------
 iteration 71 ----
 Gain   [21.66918988]
 UGF    [4995386.804456]
 BW     [412201.55721295]
 Power  [7.18784425e-05]
 CMRR   [47.35494187]
 SR     [2.99482278]
 
 TEs     [12.9605732  20.9604589  18.31401226]
 Fins    [12.042620371128958, 22.54804301386789, 15.283606733186001]
 Is      [6.96468561e-05]
--------------------
 iteration 72 ----
 Gain   [21.67234817]
 UGF    [4993570.77607846]
 BW     [411901.90575153]
 Power  [7.18261897e-05]
 CMRR   [47.3716567]
 SR     [2.9926457]
 
 TEs     [12.95001039 20.96808174 18.34261825]
 Fins    [12.03824229087944, 22.53984569976663, 15.278050396216315]
 Is      [6.96215361e-05]
--------------------
 iteration 73 ----
 Gain   [21.67234817]
 UGF    [4993570.77607846]
 BW     [411901.90575153]
 Power  [7.18261897e-05]
 CMRR   [47.3716567]
 SR     [2.9926457]
 
 TEs     [12.95001039 20.96808174 18.34261825]
 Fins    [12.03824229087944, 22.53984569976663, 15.278050396216315]
 Is      [6.96215361e-05]
--------------------
 iteration 74 ----
 Gain   [21.67234817]
 UGF    [4993570.77607846]
 BW     [411901.90575153]
 Power  [7.18261897e-05]
 CMRR   [47.3716567]
 SR     [2.9926457]
 
 TEs     [12.95001039 20.96808174 18.34261825]
 Fins    [12.03824229087944, 22.53984569976663, 15.278050396216315]
 Is      [6.96215361e-05]
--------------------
